#
# There is insufficient memory for the Java Runtime Environment to continue.
# Native memory allocation (mmap) failed to map 264241152 bytes for Failed to commit area from 0x0000000096400000 to 0x00000000a6000000 of length 264241152.
# Possible reasons:
#   The system is out of physical RAM or swap space
#   The process is running with CompressedOops enabled, and the Java Heap may be blocking the growth of the native heap
# Possible solutions:
#   Reduce memory load on the system
#   Increase physical memory or swap space
#   Check if swap backing store is full
#   Decrease Java heap size (-Xmx/-Xms)
#   Decrease number of Java threads
#   Decrease Java thread stack sizes (-Xss)
#   Set larger code cache with -XX:ReservedCodeCacheSize=
#   JVM is running with Unscaled Compressed Oops mode in which the Java heap is
#     placed in the first 4GB address space. The Java Heap base address is the
#     maximum limit for the native heap growth. Please use -XX:HeapBaseMinAddress
#     to set the Java Heap base and to place the Java Heap above 4GB virtual address.
# This output file may be truncated or incomplete.
#
#  Out of Memory Error (./src/hotspot/os/windows/os_windows.cpp:3521), pid=17852, tid=23212
#
# JRE version: OpenJDK Runtime Environment (11.0.12+7) (build 11.0.12+7-b1504.28-7817840)
# Java VM: OpenJDK 64-Bit Server VM (11.0.12+7-b1504.28-7817840, mixed mode, tiered, compressed oops, g1 gc, windows-amd64)
# No core dump will be written. Minidumps are not enabled by default on client versions of Windows
#

---------------  S U M M A R Y ------------

Command Line: --add-opens=java.base/java.util=ALL-UNNAMED --add-opens=java.base/java.lang=ALL-UNNAMED --add-opens=java.base/java.lang.invoke=ALL-UNNAMED --add-opens=java.base/java.util=ALL-UNNAMED --add-opens=java.prefs/java.util.prefs=ALL-UNNAMED --add-opens=java.prefs/java.util.prefs=ALL-UNNAMED --add-opens=java.base/java.nio.charset=ALL-UNNAMED --add-opens=java.base/java.net=ALL-UNNAMED --add-opens=java.base/java.util.concurrent.atomic=ALL-UNNAMED -Xmx2048m -Dfile.encoding=UTF-8 -Duser.country=DE -Duser.language=de -Duser.variant org.gradle.launcher.daemon.bootstrap.GradleDaemon 7.3.3

Host: Intel(R) Core(TM) i3-10110U CPU @ 2.10GHz, 4 cores, 7G,  Windows 10 , 64 bit Build 22000 (10.0.22000.434)
Time: Tue May 17 16:24:18 2022 Mitteleuropäische Sommerzeit elapsed time: 332.250433 seconds (0d 0h 5m 32s)

---------------  T H R E A D  ---------------

Current thread (0x00000210e399a800):  VMThread "VM Thread" [stack: 0x000000f63f300000,0x000000f63f400000] [id=23212]

Stack: [0x000000f63f300000,0x000000f63f400000]
[error occurred during error reporting (printing stack bounds), id 0xc0000005, EXCEPTION_ACCESS_VIOLATION (0xc0000005) at pc=0x00000210cd8c112d]

Native frames: (J=compiled Java code, j=interpreted, Vv=VM code, C=native code)
V  [jvm.dll+0x5fbcea]
V  [jvm.dll+0x731905]
V  [jvm.dll+0x732f1d]
V  [jvm.dll+0x733535]
V  [jvm.dll+0x7334eb]
V  [jvm.dll+0x5fb080]
V  [jvm.dll+0x5fb818]
C  [ntdll.dll+0xa86ef]
C  [ntdll.dll+0x35aea]
C  [ntdll.dll+0xa76fe]
C  0x00000210cd8c112d

VM_Operation (0x000000f642ff8f30): G1CollectForAllocation, mode: safepoint, requested by thread 0x00000210eb167800


---------------  P R O C E S S  ---------------

Threads class SMR info:
_java_thread_list=0x00000210f0b10cb0, length=87, elements={
0x00000210c9dae000, 0x00000210e399f000, 0x00000210e39a2800, 0x00000210e4372800,
0x00000210e39c0000, 0x00000210e39c0800, 0x00000210e39c3800, 0x00000210e39ea800,
0x00000210e39ee000, 0x00000210e44c1800, 0x00000210e59d5000, 0x00000210e50d7000,
0x00000210e543d000, 0x00000210e6507000, 0x00000210e650b000, 0x00000210e650a000,
0x00000210e6505800, 0x00000210e6509800, 0x00000210e650c000, 0x00000210e6507800,
0x00000210e8606800, 0x00000210e860a000, 0x00000210e8604000, 0x00000210e8607800,
0x00000210e5ef8000, 0x00000210e5eeb800, 0x00000210e5ef0800, 0x00000210e5ef1800,
0x00000210e5eec800, 0x00000210e5eed800, 0x00000210e5ef4000, 0x00000210e5eef000,
0x00000210e5ef0000, 0x00000210e5ef2800, 0x00000210e5ef3000, 0x00000210e5eee000,
0x00000210e5ef4800, 0x00000210e5ef5800, 0x00000210e5ef9000, 0x00000210e5ef9800,
0x00000210e5ef6800, 0x00000210e5ef7000, 0x00000210eb15d000, 0x00000210eb161000,
0x00000210eb164800, 0x00000210eb162000, 0x00000210eb163800, 0x00000210eb15e800,
0x00000210eb167000, 0x00000210eb165000, 0x00000210eb162800, 0x00000210eb168800,
0x00000210eb169000, 0x00000210eb16b000, 0x00000210eb16b800, 0x00000210eb166000,
0x00000210eb167800, 0x00000210eb16a000, 0x00000210e8605000, 0x00000210e860b800,
0x00000210e8605800, 0x00000210e860d000, 0x00000210e8608000, 0x00000210e860e000,
0x00000210e860e800, 0x00000210e8609000, 0x00000210e860f800, 0x00000210e8612000,
0x00000210e8610800, 0x00000210e8613000, 0x00000210e8611000, 0x00000210eef69000,
0x00000210eef6c800, 0x00000210eef68800, 0x00000210eef6a000, 0x00000210eef6a800,
0x00000210eef6e000, 0x00000210eef6f000, 0x00000210e6508800, 0x00000210e6506000,
0x00000210f2896800, 0x00000210f2898800, 0x00000210f289a000, 0x00000210f2894800,
0x00000210f2897800, 0x00000210f2899000, 0x00000210f289b000
}

Java Threads: ( => current thread )
  0x00000210c9dae000 JavaThread "main" [_thread_blocked, id=24460, stack(0x000000f63ed00000,0x000000f63ee00000)]
  0x00000210e399f000 JavaThread "Reference Handler" daemon [_thread_blocked, id=10948, stack(0x000000f63f400000,0x000000f63f500000)]
  0x00000210e39a2800 JavaThread "Finalizer" daemon [_thread_blocked, id=22264, stack(0x000000f63f500000,0x000000f63f600000)]
  0x00000210e4372800 JavaThread "Signal Dispatcher" daemon [_thread_blocked, id=24528, stack(0x000000f63f600000,0x000000f63f700000)]
  0x00000210e39c0000 JavaThread "Attach Listener" daemon [_thread_blocked, id=23204, stack(0x000000f63f700000,0x000000f63f800000)]
  0x00000210e39c0800 JavaThread "Service Thread" daemon [_thread_blocked, id=20568, stack(0x000000f63f800000,0x000000f63f900000)]
  0x00000210e39c3800 JavaThread "C2 CompilerThread0" daemon [_thread_blocked, id=23760, stack(0x000000f63f900000,0x000000f63fa00000)]
  0x00000210e39ea800 JavaThread "C1 CompilerThread0" daemon [_thread_blocked, id=24572, stack(0x000000f63fa00000,0x000000f63fb00000)]
  0x00000210e39ee000 JavaThread "Sweeper thread" daemon [_thread_blocked, id=16340, stack(0x000000f63fb00000,0x000000f63fc00000)]
  0x00000210e44c1800 JavaThread "Common-Cleaner" daemon [_thread_blocked, id=9496, stack(0x000000f63fc00000,0x000000f63fd00000)]
  0x00000210e59d5000 JavaThread "Daemon health stats" [_thread_blocked, id=21760, stack(0x000000f640100000,0x000000f640200000)]
  0x00000210e50d7000 JavaThread "Incoming local TCP Connector on port 65133" [_thread_in_native, id=20880, stack(0x000000f640300000,0x000000f640400000)]
  0x00000210e543d000 JavaThread "Daemon periodic checks" [_thread_blocked, id=9892, stack(0x000000f640400000,0x000000f640500000)]
  0x00000210e6507000 JavaThread "Cache worker for journal cache (C:\Users\Shahin Pour-Norouz\.gradle\caches\journal-1)" [_thread_blocked, id=22948, stack(0x000000f640c00000,0x000000f640d00000)]
  0x00000210e650b000 JavaThread "File lock request listener" [_thread_in_native, id=11904, stack(0x000000f640d00000,0x000000f640e00000)]
  0x00000210e650a000 JavaThread "Cache worker for file hash cache (C:\Users\Shahin Pour-Norouz\.gradle\caches\7.3.3\fileHashes)" [_thread_blocked, id=6940, stack(0x000000f640e00000,0x000000f640f00000)]
  0x00000210e6505800 JavaThread "File watcher server" daemon [_thread_blocked, id=14160, stack(0x000000f641000000,0x000000f641100000)]
  0x00000210e6509800 JavaThread "File watcher consumer" daemon [_thread_blocked, id=20308, stack(0x000000f641100000,0x000000f641200000)]
  0x00000210e650c000 JavaThread "jar transforms" [_thread_blocked, id=24468, stack(0x000000f641200000,0x000000f641300000)]
  0x00000210e6507800 JavaThread "jar transforms Thread 2" [_thread_blocked, id=13592, stack(0x000000f641300000,0x000000f641400000)]
  0x00000210e8606800 JavaThread "jar transforms Thread 3" [_thread_blocked, id=11896, stack(0x000000f641400000,0x000000f641500000)]
  0x00000210e860a000 JavaThread "jar transforms Thread 4" [_thread_blocked, id=4008, stack(0x000000f641500000,0x000000f641600000)]
  0x00000210e8604000 JavaThread "Cache worker for execution history cache (C:\Users\Shahin Pour-Norouz\.gradle\caches\7.3.3\executionHistory)" [_thread_blocked, id=17040, stack(0x000000f641900000,0x000000f641a00000)]
  0x00000210e8607800 JavaThread "Cache worker for file content cache (C:\Users\Shahin Pour-Norouz\.gradle\caches\7.3.3\fileContent)" [_thread_blocked, id=19784, stack(0x000000f641a00000,0x000000f641b00000)]
  0x00000210e5ef8000 JavaThread "Memory manager" [_thread_blocked, id=23036, stack(0x000000f644400000,0x000000f644500000)]
  0x00000210e5eeb800 JavaThread "Daemon Thread 2" [_thread_blocked, id=17940, stack(0x000000f63fe00000,0x000000f63ff00000)]
  0x00000210e5ef0800 JavaThread "Daemon worker Thread 2" [_thread_blocked, id=21744, stack(0x000000f640700000,0x000000f640800000)]
  0x00000210e5ef1800 JavaThread "Handler for socket connection from /127.0.0.1:65133 to /127.0.0.1:65283" [_thread_in_native, id=25128, stack(0x000000f640500000,0x000000f640600000)]
  0x00000210e5eec800 JavaThread "Cancel handler" [_thread_blocked, id=17716, stack(0x000000f640600000,0x000000f640700000)]
  0x00000210e5eed800 JavaThread "Asynchronous log dispatcher for DefaultDaemonConnection: socket connection from /127.0.0.1:65133 to /127.0.0.1:65283" [_thread_blocked, id=19844, stack(0x000000f640800000,0x000000f640900000)]
  0x00000210e5ef4000 JavaThread "Stdin handler" [_thread_blocked, id=16132, stack(0x000000f640900000,0x000000f640a00000)]
  0x00000210e5eef000 JavaThread "Daemon client event forwarder" [_thread_blocked, id=4508, stack(0x000000f640a00000,0x000000f640b00000)]
  0x00000210e5ef0000 JavaThread "Cache worker for file hash cache (C:\Users\Shahin Pour-Norouz\AndroidStudioProjects\Gruppe_B\.gradle\7.3.3\fileHashes)" [_thread_blocked, id=10512, stack(0x000000f640b00000,0x000000f640c00000)]
  0x00000210e5ef2800 JavaThread "Cache worker for checksums cache (C:\Users\Shahin Pour-Norouz\AndroidStudioProjects\Gruppe_B\.gradle\7.3.3\checksums)" [_thread_blocked, id=24440, stack(0x000000f640f00000,0x000000f641000000)]
  0x00000210e5ef3000 JavaThread "Cache worker for cache directory md-supplier (C:\Users\Shahin Pour-Norouz\.gradle\caches\7.3.3\md-supplier)" [_thread_blocked, id=10292, stack(0x000000f641600000,0x000000f641700000)]
  0x00000210e5eee000 JavaThread "Cache worker for cache directory md-rule (C:\Users\Shahin Pour-Norouz\.gradle\caches\7.3.3\md-rule)" [_thread_blocked, id=25524, stack(0x000000f641700000,0x000000f641800000)]
  0x00000210e5ef4800 JavaThread "Cache worker for dependencies-accessors (C:\Users\Shahin Pour-Norouz\AndroidStudioProjects\Gruppe_B\.gradle\7.3.3\dependencies-accessors)" [_thread_blocked, id=17140, stack(0x000000f641800000,0x000000f641900000)]
  0x00000210e5ef5800 JavaThread "Cache worker for Build Output Cleanup Cache (C:\Users\Shahin Pour-Norouz\AndroidStudioProjects\Gruppe_B\.gradle\buildOutputCleanup)" [_thread_blocked, id=24024, stack(0x000000f641b00000,0x000000f641c00000)]
  0x00000210e5ef9000 JavaThread "Unconstrained build operations" [_thread_blocked, id=1688, stack(0x000000f641d00000,0x000000f641e00000)]
  0x00000210e5ef9800 JavaThread "Unconstrained build operations Thread 2" [_thread_blocked, id=23200, stack(0x000000f641e00000,0x000000f641f00000)]
  0x00000210e5ef6800 JavaThread "Unconstrained build operations Thread 3" [_thread_blocked, id=9704, stack(0x000000f641f00000,0x000000f642000000)]
  0x00000210e5ef7000 JavaThread "Unconstrained build operations Thread 4" [_thread_blocked, id=15452, stack(0x000000f642000000,0x000000f642100000)]
  0x00000210eb15d000 JavaThread "Unconstrained build operations Thread 5" [_thread_blocked, id=11652, stack(0x000000f642100000,0x000000f642200000)]
  0x00000210eb161000 JavaThread "Unconstrained build operations Thread 6" [_thread_blocked, id=21808, stack(0x000000f642200000,0x000000f642300000)]
  0x00000210eb164800 JavaThread "Unconstrained build operations Thread 7" [_thread_blocked, id=3048, stack(0x000000f642300000,0x000000f642400000)]
  0x00000210eb162000 JavaThread "Unconstrained build operations Thread 8" [_thread_blocked, id=7420, stack(0x000000f642400000,0x000000f642500000)]
  0x00000210eb163800 JavaThread "Unconstrained build operations Thread 9" [_thread_blocked, id=16888, stack(0x000000f642500000,0x000000f642600000)]
  0x00000210eb15e800 JavaThread "Unconstrained build operations Thread 10" [_thread_blocked, id=19376, stack(0x000000f642600000,0x000000f642700000)]
  0x00000210eb167000 JavaThread "Unconstrained build operations Thread 11" [_thread_blocked, id=1748, stack(0x000000f642700000,0x000000f642800000)]
  0x00000210eb165000 JavaThread "Unconstrained build operations Thread 12" [_thread_blocked, id=15964, stack(0x000000f642800000,0x000000f642900000)]
  0x00000210eb162800 JavaThread "Unconstrained build operations Thread 13" [_thread_blocked, id=16052, stack(0x000000f642900000,0x000000f642a00000)]
  0x00000210eb168800 JavaThread "Unconstrained build operations Thread 14" [_thread_blocked, id=14440, stack(0x000000f642a00000,0x000000f642b00000)]
  0x00000210eb169000 JavaThread "Unconstrained build operations Thread 15" [_thread_blocked, id=9856, stack(0x000000f642b00000,0x000000f642c00000)]
  0x00000210eb16b000 JavaThread "Unconstrained build operations Thread 16" [_thread_blocked, id=4920, stack(0x000000f642c00000,0x000000f642d00000)]
  0x00000210eb16b800 JavaThread "Unconstrained build operations Thread 17" [_thread_blocked, id=9532, stack(0x000000f642d00000,0x000000f642e00000)]
  0x00000210eb166000 JavaThread "Unconstrained build operations Thread 18" [_thread_blocked, id=7080, stack(0x000000f642e00000,0x000000f642f00000)]
  0x00000210eb167800 JavaThread "Unconstrained build operations Thread 19" [_thread_blocked, id=23160, stack(0x000000f642f00000,0x000000f643000000)]
  0x00000210eb16a000 JavaThread "Unconstrained build operations Thread 20" [_thread_blocked, id=460, stack(0x000000f643000000,0x000000f643100000)]
  0x00000210e8605000 JavaThread "Unconstrained build operations Thread 21" [_thread_blocked, id=16216, stack(0x000000f643100000,0x000000f643200000)]
  0x00000210e860b800 JavaThread "Unconstrained build operations Thread 22" [_thread_blocked, id=21588, stack(0x000000f643200000,0x000000f643300000)]
  0x00000210e8605800 JavaThread "Unconstrained build operations Thread 23" [_thread_blocked, id=12516, stack(0x000000f643300000,0x000000f643400000)]
  0x00000210e860d000 JavaThread "Unconstrained build operations Thread 24" [_thread_blocked, id=7452, stack(0x000000f643400000,0x000000f643500000)]
  0x00000210e8608000 JavaThread "Unconstrained build operations Thread 25" [_thread_blocked, id=13396, stack(0x000000f643500000,0x000000f643600000)]
  0x00000210e860e000 JavaThread "Unconstrained build operations Thread 26" [_thread_blocked, id=5904, stack(0x000000f643600000,0x000000f643700000)]
  0x00000210e860e800 JavaThread "Unconstrained build operations Thread 27" [_thread_blocked, id=3176, stack(0x000000f643700000,0x000000f643800000)]
  0x00000210e8609000 JavaThread "Unconstrained build operations Thread 28" [_thread_blocked, id=24288, stack(0x000000f643800000,0x000000f643900000)]
  0x00000210e860f800 JavaThread "Unconstrained build operations Thread 29" [_thread_blocked, id=25424, stack(0x000000f643900000,0x000000f643a00000)]
  0x00000210e8612000 JavaThread "Unconstrained build operations Thread 30" [_thread_blocked, id=18396, stack(0x000000f643a00000,0x000000f643b00000)]
  0x00000210e8610800 JavaThread "Unconstrained build operations Thread 31" [_thread_blocked, id=14100, stack(0x000000f643b00000,0x000000f643c00000)]
  0x00000210e8613000 JavaThread "Unconstrained build operations Thread 32" [_thread_blocked, id=18244, stack(0x000000f643c00000,0x000000f643d00000)]
  0x00000210e8611000 JavaThread "Unconstrained build operations Thread 33" [_thread_blocked, id=9880, stack(0x000000f643d00000,0x000000f643e00000)]
  0x00000210eef69000 JavaThread "Unconstrained build operations Thread 34" [_thread_blocked, id=6048, stack(0x000000f643e00000,0x000000f643f00000)]
  0x00000210eef6c800 JavaThread "Unconstrained build operations Thread 35" [_thread_blocked, id=19576, stack(0x000000f643f00000,0x000000f644000000)]
  0x00000210eef68800 JavaThread "Unconstrained build operations Thread 36" [_thread_blocked, id=14420, stack(0x000000f644000000,0x000000f644100000)]
  0x00000210eef6a000 JavaThread "Unconstrained build operations Thread 37" [_thread_blocked, id=14192, stack(0x000000f644100000,0x000000f644200000)]
  0x00000210eef6a800 JavaThread "Unconstrained build operations Thread 38" [_thread_blocked, id=16996, stack(0x000000f644200000,0x000000f644300000)]
  0x00000210eef6e000 JavaThread "Unconstrained build operations Thread 39" [_thread_blocked, id=6136, stack(0x000000f644300000,0x000000f644400000)]
  0x00000210eef6f000 JavaThread "Unconstrained build operations Thread 40" [_thread_blocked, id=7996, stack(0x000000f644500000,0x000000f644600000)]
  0x00000210e6508800 JavaThread "build event listener" [_thread_blocked, id=18776, stack(0x000000f644600000,0x000000f644700000)]
  0x00000210e6506000 JavaThread "Execution worker for ':'" [_thread_blocked, id=18240, stack(0x000000f644700000,0x000000f644800000)]
  0x00000210f2896800 JavaThread "Execution worker for ':' Thread 2" [_thread_blocked, id=11464, stack(0x000000f644800000,0x000000f644900000)]
  0x00000210f2898800 JavaThread "Execution worker for ':' Thread 3" [_thread_blocked, id=9660, stack(0x000000f644900000,0x000000f644a00000)]
  0x00000210f289a000 JavaThread "Cache worker for execution history cache (C:\Users\Shahin Pour-Norouz\AndroidStudioProjects\Gruppe_B\.gradle\7.3.3\executionHistory)" [_thread_blocked, id=14304, stack(0x000000f644a00000,0x000000f644b00000)]
  0x00000210f2894800 JavaThread "WorkerExecutor Queue" [_thread_blocked, id=9020, stack(0x000000f644b00000,0x000000f644c00000)]
  0x00000210f2897800 JavaThread "WorkerExecutor Queue Thread 2" [_thread_blocked, id=21720, stack(0x000000f644c00000,0x000000f644d00000)]
  0x00000210f2899000 JavaThread "WorkerExecutor Queue Thread 3" [_thread_blocked, id=2316, stack(0x000000f644d00000,0x000000f644e00000)]
  0x00000210f289b000 JavaThread "WorkerExecutor Queue Thread 4" [_thread_blocked, id=4888, stack(0x000000f644e00000,0x000000f644f00000)]

Other Threads:
=>0x00000210e399a800 VMThread "VM Thread" [stack: 0x000000f63f300000,0x000000f63f400000] [id=23212]
  0x00000210e44e3000 WatcherThread [stack: 0x000000f63fd00000,0x000000f63fe00000] [id=23676]
  0x00000210c9dc6000 GCTaskThread "GC Thread#0" [stack: 0x000000f63ee00000,0x000000f63ef00000] [id=21828]
  0x00000210e4cf2800 GCTaskThread "GC Thread#1" [stack: 0x000000f63ff00000,0x000000f640000000] [id=22080]
  0x00000210e4cf3800 GCTaskThread "GC Thread#2" [stack: 0x000000f640000000,0x000000f640100000] [id=16304]
  0x00000210e5e1a000 GCTaskThread "GC Thread#3" [stack: 0x000000f640200000,0x000000f640300000] [id=15140]
  0x00000210c9df9000 ConcurrentGCThread "G1 Main Marker" [stack: 0x000000f63ef00000,0x000000f63f000000] [id=5040]
  0x00000210c9dfa000 ConcurrentGCThread "G1 Conc#0" [stack: 0x000000f63f000000,0x000000f63f100000] [id=23624]
  0x00000210c9e88800 ConcurrentGCThread "G1 Refine#0" [stack: 0x000000f63f100000,0x000000f63f200000] [id=15872]
  0x00000210c9e8a000 ConcurrentGCThread "G1 Young RemSet Sampling" [stack: 0x000000f63f200000,0x000000f63f300000] [id=16308]

Threads with active compile tasks:
C2 CompilerThread0 332276 25117       4       com.android.tools.r8.internal.ff::e (8 bytes)
C1 CompilerThread0 332276 25169       3       com.android.tools.r8.ir.regalloc.b::i (614 bytes)

VM state:at safepoint (normal execution)

VM Mutex/Monitor currently owned by a thread:  ([mutex/lock_event])
[0x00000210c9da9660] Threads_lock - owner thread: 0x00000210e399a800
[0x00000210c9daa620] Heap_lock - owner thread: 0x00000210eb167800

Heap address: 0x0000000080000000, size: 2048 MB, Compressed Oops mode: 32-bit
Narrow klass base: 0x0000000000000000, Narrow klass shift: 3
Compressed class space size: 1073741824 Address: 0x0000000100000000

Heap:
 garbage-first heap   total 622592K, used 220744K [0x0000000080000000, 0x0000000100000000)
  region size 1024K, 1 young (1024K), 1 survivors (1024K)
 Metaspace       used 155576K, capacity 160164K, committed 160272K, reserved 1187840K
  class space    used 19889K, capacity 21550K, committed 21580K, reserved 1048576K
Heap Regions: E=young(eden), S=young(survivor), O=old, HS=humongous(starts), HC=humongous(continues), CS=collection set, F=free, A=archive, TAMS=top-at-mark-start (previous, next)
|   0|0x0000000080000000, 0x0000000080100000, 0x0000000080100000|100%|HS|  |TAMS 0x0000000080100000, 0x0000000080000000| Complete 
|   1|0x0000000080100000, 0x0000000080200000, 0x0000000080200000|100%|HC|  |TAMS 0x0000000080200000, 0x0000000080100000| Complete 
|   2|0x0000000080200000, 0x0000000080300000, 0x0000000080300000|100%|HC|  |TAMS 0x0000000080300000, 0x0000000080200000| Complete 
|   3|0x0000000080300000, 0x0000000080400000, 0x0000000080400000|100%| O|  |TAMS 0x0000000080400000, 0x0000000080300000| Untracked 
|   4|0x0000000080400000, 0x0000000080500000, 0x0000000080500000|100%| O|  |TAMS 0x0000000080500000, 0x0000000080400000| Untracked 
|   5|0x0000000080500000, 0x0000000080600000, 0x0000000080600000|100%| O|  |TAMS 0x0000000080600000, 0x0000000080500000| Untracked 
|   6|0x0000000080600000, 0x0000000080700000, 0x0000000080700000|100%| O|  |TAMS 0x0000000080700000, 0x0000000080600000| Untracked 
|   7|0x0000000080700000, 0x0000000080800000, 0x0000000080800000|100%| O|  |TAMS 0x0000000080800000, 0x0000000080700000| Untracked 
|   8|0x0000000080800000, 0x0000000080900000, 0x0000000080900000|100%| O|  |TAMS 0x0000000080900000, 0x0000000080800000| Untracked 
|   9|0x0000000080900000, 0x0000000080a00000, 0x0000000080a00000|100%| O|  |TAMS 0x0000000080a00000, 0x0000000080900000| Untracked 
|  10|0x0000000080a00000, 0x0000000080b00000, 0x0000000080b00000|100%| O|  |TAMS 0x0000000080b00000, 0x0000000080a00000| Untracked 
|  11|0x0000000080b00000, 0x0000000080c00000, 0x0000000080c00000|100%| O|  |TAMS 0x0000000080c00000, 0x0000000080b00000| Untracked 
|  12|0x0000000080c00000, 0x0000000080d00000, 0x0000000080d00000|100%| O|  |TAMS 0x0000000080d00000, 0x0000000080c00000| Untracked 
|  13|0x0000000080d00000, 0x0000000080e00000, 0x0000000080e00000|100%| O|  |TAMS 0x0000000080e00000, 0x0000000080d00000| Untracked 
|  14|0x0000000080e00000, 0x0000000080f00000, 0x0000000080f00000|100%| O|  |TAMS 0x0000000080f00000, 0x0000000080e00000| Untracked 
|  15|0x0000000080f00000, 0x0000000081000000, 0x0000000081000000|100%|HS|  |TAMS 0x0000000081000000, 0x0000000080f00000| Complete 
|  16|0x0000000081000000, 0x0000000081100000, 0x0000000081100000|100%|HC|  |TAMS 0x0000000081100000, 0x0000000081000000| Complete 
|  17|0x0000000081100000, 0x0000000081200000, 0x0000000081200000|100%|HS|  |TAMS 0x0000000081200000, 0x0000000081100000| Complete 
|  18|0x0000000081200000, 0x0000000081300000, 0x0000000081300000|100%|HC|  |TAMS 0x0000000081300000, 0x0000000081200000| Complete 
|  19|0x0000000081300000, 0x0000000081400000, 0x0000000081400000|100%|HC|  |TAMS 0x0000000081400000, 0x0000000081300000| Complete 
|  20|0x0000000081400000, 0x0000000081500000, 0x0000000081500000|100%|HS|  |TAMS 0x0000000081500000, 0x0000000081400000| Complete 
|  21|0x0000000081500000, 0x0000000081600000, 0x0000000081600000|100%|HS|  |TAMS 0x0000000081600000, 0x0000000081500000| Complete 
|  22|0x0000000081600000, 0x0000000081700000, 0x0000000081700000|100%|HC|  |TAMS 0x0000000081700000, 0x0000000081600000| Complete 
|  23|0x0000000081700000, 0x0000000081800000, 0x0000000081800000|100%|HC|  |TAMS 0x0000000081800000, 0x0000000081700000| Complete 
|  24|0x0000000081800000, 0x0000000081900000, 0x0000000081900000|100%|HC|  |TAMS 0x0000000081900000, 0x0000000081800000| Complete 
|  25|0x0000000081900000, 0x0000000081a00000, 0x0000000081a00000|100%| O|  |TAMS 0x0000000081a00000, 0x0000000081900000| Untracked 
|  26|0x0000000081a00000, 0x0000000081b00000, 0x0000000081b00000|100%| O|  |TAMS 0x0000000081b00000, 0x0000000081a00000| Untracked 
|  27|0x0000000081b00000, 0x0000000081c00000, 0x0000000081c00000|100%| O|  |TAMS 0x0000000081c00000, 0x0000000081b00000| Untracked 
|  28|0x0000000081c00000, 0x0000000081d00000, 0x0000000081d00000|100%|HS|  |TAMS 0x0000000081d00000, 0x0000000081c00000| Complete 
|  29|0x0000000081d00000, 0x0000000081e00000, 0x0000000081e00000|100%| O|  |TAMS 0x0000000081e00000, 0x0000000081d00000| Untracked 
|  30|0x0000000081e00000, 0x0000000081f00000, 0x0000000081f00000|100%| O|  |TAMS 0x0000000081f00000, 0x0000000081e00000| Untracked 
|  31|0x0000000081f00000, 0x0000000082000000, 0x0000000082000000|100%| O|  |TAMS 0x0000000082000000, 0x0000000081f00000| Untracked 
|  32|0x0000000082000000, 0x0000000082100000, 0x0000000082100000|100%| O|  |TAMS 0x0000000082100000, 0x0000000082000000| Untracked 
|  33|0x0000000082100000, 0x0000000082200000, 0x0000000082200000|100%| O|  |TAMS 0x0000000082200000, 0x0000000082100000| Untracked 
|  34|0x0000000082200000, 0x0000000082300000, 0x0000000082300000|100%| O|  |TAMS 0x0000000082300000, 0x0000000082200000| Untracked 
|  35|0x0000000082300000, 0x0000000082400000, 0x0000000082400000|100%|HS|  |TAMS 0x0000000082400000, 0x0000000082300000| Complete 
|  36|0x0000000082400000, 0x0000000082500000, 0x0000000082500000|100%|HC|  |TAMS 0x0000000082500000, 0x0000000082400000| Complete 
|  37|0x0000000082500000, 0x0000000082600000, 0x0000000082600000|100%|HC|  |TAMS 0x0000000082600000, 0x0000000082500000| Complete 
|  38|0x0000000082600000, 0x0000000082700000, 0x0000000082700000|100%| O|  |TAMS 0x0000000082700000, 0x0000000082600000| Untracked 
|  39|0x0000000082700000, 0x0000000082800000, 0x0000000082800000|100%| O|  |TAMS 0x0000000082800000, 0x0000000082700000| Untracked 
|  40|0x0000000082800000, 0x0000000082900000, 0x0000000082900000|100%| O|  |TAMS 0x0000000082900000, 0x0000000082800000| Untracked 
|  41|0x0000000082900000, 0x0000000082a00000, 0x0000000082a00000|100%| O|  |TAMS 0x0000000082a00000, 0x0000000082900000| Untracked 
|  42|0x0000000082a00000, 0x0000000082b00000, 0x0000000082b00000|100%| O|  |TAMS 0x0000000082b00000, 0x0000000082a00000| Untracked 
|  43|0x0000000082b00000, 0x0000000082c00000, 0x0000000082c00000|100%|HS|  |TAMS 0x0000000082c00000, 0x0000000082b00000| Complete 
|  44|0x0000000082c00000, 0x0000000082d00000, 0x0000000082d00000|100%|HC|  |TAMS 0x0000000082d00000, 0x0000000082c00000| Complete 
|  45|0x0000000082d00000, 0x0000000082e00000, 0x0000000082e00000|100%|HC|  |TAMS 0x0000000082e00000, 0x0000000082d00000| Complete 
|  46|0x0000000082e00000, 0x0000000082f00000, 0x0000000082f00000|100%|HC|  |TAMS 0x0000000082f00000, 0x0000000082e00000| Complete 
|  47|0x0000000082f00000, 0x0000000083000000, 0x0000000083000000|100%| O|  |TAMS 0x0000000083000000, 0x0000000082f00000| Untracked 
|  48|0x0000000083000000, 0x0000000083100000, 0x0000000083100000|100%| O|  |TAMS 0x0000000083100000, 0x0000000083000000| Untracked 
|  49|0x0000000083100000, 0x0000000083200000, 0x0000000083200000|100%| O|  |TAMS 0x0000000083200000, 0x0000000083100000| Untracked 
|  50|0x0000000083200000, 0x0000000083300000, 0x0000000083300000|100%| O|  |TAMS 0x0000000083300000, 0x0000000083200000| Untracked 
|  51|0x0000000083300000, 0x0000000083400000, 0x0000000083400000|100%| O|  |TAMS 0x0000000083400000, 0x0000000083300000| Untracked 
|  52|0x0000000083400000, 0x0000000083500000, 0x0000000083500000|100%| O|  |TAMS 0x0000000083500000, 0x0000000083400000| Untracked 
|  53|0x0000000083500000, 0x0000000083600000, 0x0000000083600000|100%| O|  |TAMS 0x0000000083600000, 0x0000000083500000| Untracked 
|  54|0x0000000083600000, 0x0000000083700000, 0x0000000083700000|100%| O|  |TAMS 0x0000000083700000, 0x0000000083600000| Untracked 
|  55|0x0000000083700000, 0x0000000083800000, 0x0000000083800000|100%| O|  |TAMS 0x0000000083800000, 0x0000000083700000| Untracked 
|  56|0x0000000083800000, 0x0000000083900000, 0x0000000083900000|100%| O|  |TAMS 0x0000000083900000, 0x0000000083800000| Untracked 
|  57|0x0000000083900000, 0x0000000083a00000, 0x0000000083a00000|100%| O|  |TAMS 0x0000000083a00000, 0x0000000083900000| Untracked 
|  58|0x0000000083a00000, 0x0000000083b00000, 0x0000000083b00000|100%| O|  |TAMS 0x0000000083b00000, 0x0000000083a00000| Untracked 
|  59|0x0000000083b00000, 0x0000000083c00000, 0x0000000083c00000|100%| O|  |TAMS 0x0000000083c00000, 0x0000000083b00000| Untracked 
|  60|0x0000000083c00000, 0x0000000083d00000, 0x0000000083d00000|100%| O|  |TAMS 0x0000000083d00000, 0x0000000083c00000| Untracked 
|  61|0x0000000083d00000, 0x0000000083e00000, 0x0000000083e00000|100%| O|  |TAMS 0x0000000083e00000, 0x0000000083d00000| Untracked 
|  62|0x0000000083e00000, 0x0000000083e00000, 0x0000000083f00000|  0%| F|  |TAMS 0x0000000083e00000, 0x0000000083e00000| Untracked 
|  63|0x0000000083f00000, 0x0000000084000000, 0x0000000084000000|100%|HS|  |TAMS 0x0000000084000000, 0x0000000083f00000| Complete 
|  64|0x0000000084000000, 0x0000000084100000, 0x0000000084100000|100%|HS|  |TAMS 0x0000000084100000, 0x0000000084000000| Complete 
|  65|0x0000000084100000, 0x0000000084200000, 0x0000000084200000|100%|HS|  |TAMS 0x0000000084200000, 0x0000000084100000| Complete 
|  66|0x0000000084200000, 0x0000000084300000, 0x0000000084300000|100%|HC|  |TAMS 0x0000000084300000, 0x0000000084200000| Complete 
|  67|0x0000000084300000, 0x0000000084400000, 0x0000000084400000|100%| O|  |TAMS 0x0000000084400000, 0x0000000084300000| Untracked 
|  68|0x0000000084400000, 0x0000000084500000, 0x0000000084500000|100%| O|  |TAMS 0x0000000084500000, 0x0000000084400000| Untracked 
|  69|0x0000000084500000, 0x0000000084600000, 0x0000000084600000|100%| O|  |TAMS 0x0000000084600000, 0x0000000084500000| Untracked 
|  70|0x0000000084600000, 0x0000000084700000, 0x0000000084700000|100%| O|  |TAMS 0x0000000084700000, 0x0000000084600000| Untracked 
|  71|0x0000000084700000, 0x0000000084800000, 0x0000000084800000|100%| O|  |TAMS 0x0000000084800000, 0x0000000084700000| Untracked 
|  72|0x0000000084800000, 0x0000000084900000, 0x0000000084900000|100%| O|  |TAMS 0x0000000084900000, 0x0000000084800000| Untracked 
|  73|0x0000000084900000, 0x0000000084a00000, 0x0000000084a00000|100%| O|  |TAMS 0x0000000084a00000, 0x0000000084900000| Untracked 
|  74|0x0000000084a00000, 0x0000000084b00000, 0x0000000084b00000|100%| O|  |TAMS 0x0000000084b00000, 0x0000000084a00000| Untracked 
|  75|0x0000000084b00000, 0x0000000084c00000, 0x0000000084c00000|100%| O|  |TAMS 0x0000000084c00000, 0x0000000084b00000| Untracked 
|  76|0x0000000084c00000, 0x0000000084d00000, 0x0000000084d00000|100%| O|  |TAMS 0x0000000084d00000, 0x0000000084c00000| Untracked 
|  77|0x0000000084d00000, 0x0000000084e00000, 0x0000000084e00000|100%| O|  |TAMS 0x0000000084e00000, 0x0000000084d00000| Untracked 
|  78|0x0000000084e00000, 0x0000000084f00000, 0x0000000084f00000|100%| O|  |TAMS 0x0000000084f00000, 0x0000000084e00000| Untracked 
|  79|0x0000000084f00000, 0x0000000085000000, 0x0000000085000000|100%| O|  |TAMS 0x0000000085000000, 0x0000000084f00000| Untracked 
|  80|0x0000000085000000, 0x0000000085100000, 0x0000000085100000|100%| O|  |TAMS 0x0000000085100000, 0x0000000085000000| Untracked 
|  81|0x0000000085100000, 0x0000000085200000, 0x0000000085200000|100%| O|  |TAMS 0x0000000085200000, 0x0000000085100000| Untracked 
|  82|0x0000000085200000, 0x0000000085300000, 0x0000000085300000|100%| O|  |TAMS 0x0000000085300000, 0x0000000085200000| Untracked 
|  83|0x0000000085300000, 0x0000000085400000, 0x0000000085400000|100%| O|  |TAMS 0x0000000085400000, 0x0000000085300000| Untracked 
|  84|0x0000000085400000, 0x0000000085500000, 0x0000000085500000|100%| O|  |TAMS 0x0000000085500000, 0x0000000085400000| Untracked 
|  85|0x0000000085500000, 0x0000000085600000, 0x0000000085600000|100%| O|  |TAMS 0x0000000085600000, 0x0000000085500000| Untracked 
|  86|0x0000000085600000, 0x0000000085700000, 0x0000000085700000|100%| O|  |TAMS 0x0000000085700000, 0x0000000085600000| Untracked 
|  87|0x0000000085700000, 0x0000000085800000, 0x0000000085800000|100%| O|  |TAMS 0x0000000085800000, 0x0000000085700000| Untracked 
|  88|0x0000000085800000, 0x0000000085900000, 0x0000000085900000|100%| O|  |TAMS 0x0000000085900000, 0x0000000085800000| Untracked 
|  89|0x0000000085900000, 0x0000000085a00000, 0x0000000085a00000|100%| O|  |TAMS 0x0000000085a00000, 0x0000000085900000| Untracked 
|  90|0x0000000085a00000, 0x0000000085b00000, 0x0000000085b00000|100%|HS|  |TAMS 0x0000000085b00000, 0x0000000085a00000| Complete 
|  91|0x0000000085b00000, 0x0000000085c00000, 0x0000000085c00000|100%|HC|  |TAMS 0x0000000085c00000, 0x0000000085b00000| Complete 
|  92|0x0000000085c00000, 0x0000000085d00000, 0x0000000085d00000|100%|HS|  |TAMS 0x0000000085d00000, 0x0000000085c00000| Complete 
|  93|0x0000000085d00000, 0x0000000085e00000, 0x0000000085e00000|100%|HC|  |TAMS 0x0000000085e00000, 0x0000000085d00000| Complete 
|  94|0x0000000085e00000, 0x0000000085f00000, 0x0000000085f00000|100%|HC|  |TAMS 0x0000000085f00000, 0x0000000085e00000| Complete 
|  95|0x0000000085f00000, 0x0000000086000000, 0x0000000086000000|100%|HS|  |TAMS 0x0000000086000000, 0x0000000085f00000| Complete 
|  96|0x0000000086000000, 0x0000000086100000, 0x0000000086100000|100%|HS|  |TAMS 0x0000000086100000, 0x0000000086000000| Complete 
|  97|0x0000000086100000, 0x0000000086200000, 0x0000000086200000|100%|HC|  |TAMS 0x0000000086200000, 0x0000000086100000| Complete 
|  98|0x0000000086200000, 0x0000000086300000, 0x0000000086300000|100%|HC|  |TAMS 0x0000000086300000, 0x0000000086200000| Complete 
|  99|0x0000000086300000, 0x0000000086400000, 0x0000000086400000|100%|HC|  |TAMS 0x0000000086400000, 0x0000000086300000| Complete 
| 100|0x0000000086400000, 0x0000000086500000, 0x0000000086500000|100%| O|  |TAMS 0x0000000086500000, 0x0000000086400000| Untracked 
| 101|0x0000000086500000, 0x0000000086600000, 0x0000000086600000|100%| O|  |TAMS 0x0000000086600000, 0x0000000086500000| Untracked 
| 102|0x0000000086600000, 0x0000000086700000, 0x0000000086700000|100%| O|  |TAMS 0x0000000086700000, 0x0000000086600000| Untracked 
| 103|0x0000000086700000, 0x0000000086800000, 0x0000000086800000|100%| O|  |TAMS 0x0000000086800000, 0x0000000086700000| Untracked 
| 104|0x0000000086800000, 0x0000000086900000, 0x0000000086900000|100%| O|  |TAMS 0x0000000086900000, 0x0000000086800000| Untracked 
| 105|0x0000000086900000, 0x0000000086a00000, 0x0000000086a00000|100%| O|  |TAMS 0x0000000086a00000, 0x0000000086900000| Untracked 
| 106|0x0000000086a00000, 0x0000000086b00000, 0x0000000086b00000|100%| O|  |TAMS 0x0000000086b00000, 0x0000000086a00000| Untracked 
| 107|0x0000000086b00000, 0x0000000086c00000, 0x0000000086c00000|100%| O|  |TAMS 0x0000000086c00000, 0x0000000086b00000| Untracked 
| 108|0x0000000086c00000, 0x0000000086d00000, 0x0000000086d00000|100%| O|  |TAMS 0x0000000086d00000, 0x0000000086c00000| Untracked 
| 109|0x0000000086d00000, 0x0000000086e00000, 0x0000000086e00000|100%| O|  |TAMS 0x0000000086e00000, 0x0000000086d00000| Untracked 
| 110|0x0000000086e00000, 0x0000000086f00000, 0x0000000086f00000|100%| O|  |TAMS 0x0000000086f00000, 0x0000000086e00000| Untracked 
| 111|0x0000000086f00000, 0x0000000087000000, 0x0000000087000000|100%| O|  |TAMS 0x0000000087000000, 0x0000000086f00000| Untracked 
| 112|0x0000000087000000, 0x0000000087100000, 0x0000000087100000|100%| O|  |TAMS 0x0000000087100000, 0x0000000087000000| Untracked 
| 113|0x0000000087100000, 0x0000000087200000, 0x0000000087200000|100%| O|  |TAMS 0x0000000087200000, 0x0000000087100000| Untracked 
| 114|0x0000000087200000, 0x0000000087300000, 0x0000000087300000|100%| O|  |TAMS 0x0000000087300000, 0x0000000087200000| Untracked 
| 115|0x0000000087300000, 0x0000000087400000, 0x0000000087400000|100%| O|  |TAMS 0x0000000087400000, 0x0000000087300000| Untracked 
| 116|0x0000000087400000, 0x0000000087500000, 0x0000000087500000|100%| O|  |TAMS 0x0000000087500000, 0x0000000087400000| Untracked 
| 117|0x0000000087500000, 0x0000000087600000, 0x0000000087600000|100%| O|  |TAMS 0x0000000087600000, 0x0000000087500000| Untracked 
| 118|0x0000000087600000, 0x0000000087700000, 0x0000000087700000|100%| O|  |TAMS 0x0000000087700000, 0x0000000087600000| Untracked 
| 119|0x0000000087700000, 0x0000000087800000, 0x0000000087800000|100%| O|  |TAMS 0x0000000087800000, 0x0000000087700000| Untracked 
| 120|0x0000000087800000, 0x0000000087900000, 0x0000000087900000|100%| O|  |TAMS 0x0000000087900000, 0x0000000087800000| Untracked 
| 121|0x0000000087900000, 0x0000000087a00000, 0x0000000087a00000|100%| O|  |TAMS 0x0000000087a00000, 0x0000000087900000| Untracked 
| 122|0x0000000087a00000, 0x0000000087b00000, 0x0000000087b00000|100%| O|  |TAMS 0x0000000087b00000, 0x0000000087a00000| Untracked 
| 123|0x0000000087b00000, 0x0000000087c00000, 0x0000000087c00000|100%| O|  |TAMS 0x0000000087c00000, 0x0000000087b00000| Untracked 
| 124|0x0000000087c00000, 0x0000000087d00000, 0x0000000087d00000|100%| O|  |TAMS 0x0000000087d00000, 0x0000000087c00000| Untracked 
| 125|0x0000000087d00000, 0x0000000087e00000, 0x0000000087e00000|100%| O|  |TAMS 0x0000000087e00000, 0x0000000087d00000| Untracked 
| 126|0x0000000087e00000, 0x0000000087f00000, 0x0000000087f00000|100%| O|  |TAMS 0x0000000087f00000, 0x0000000087e00000| Untracked 
| 127|0x0000000087f00000, 0x0000000088000000, 0x0000000088000000|100%| O|  |TAMS 0x0000000088000000, 0x0000000087f00000| Untracked 
| 128|0x0000000088000000, 0x0000000088100000, 0x0000000088100000|100%| O|  |TAMS 0x0000000088100000, 0x0000000088000000| Untracked 
| 129|0x0000000088100000, 0x0000000088200000, 0x0000000088200000|100%| O|  |TAMS 0x0000000088200000, 0x0000000088100000| Untracked 
| 130|0x0000000088200000, 0x0000000088200000, 0x0000000088300000|  0%| F|  |TAMS 0x0000000088200000, 0x0000000088200000| Untracked 
| 131|0x0000000088300000, 0x0000000088400000, 0x0000000088400000|100%| O|  |TAMS 0x0000000088400000, 0x0000000088300000| Untracked 
| 132|0x0000000088400000, 0x0000000088500000, 0x0000000088500000|100%| O|  |TAMS 0x0000000088500000, 0x0000000088400000| Untracked 
| 133|0x0000000088500000, 0x0000000088600000, 0x0000000088600000|100%| O|  |TAMS 0x0000000088600000, 0x0000000088500000| Untracked 
| 134|0x0000000088600000, 0x0000000088700000, 0x0000000088700000|100%| O|  |TAMS 0x0000000088700000, 0x0000000088600000| Untracked 
| 135|0x0000000088700000, 0x0000000088800000, 0x0000000088800000|100%| O|  |TAMS 0x0000000088800000, 0x0000000088700000| Untracked 
| 136|0x0000000088800000, 0x0000000088900000, 0x0000000088900000|100%| O|  |TAMS 0x0000000088900000, 0x0000000088800000| Untracked 
| 137|0x0000000088900000, 0x0000000088a00000, 0x0000000088a00000|100%| O|  |TAMS 0x0000000088a00000, 0x0000000088900000| Untracked 
| 138|0x0000000088a00000, 0x0000000088b00000, 0x0000000088b00000|100%| O|  |TAMS 0x0000000088b00000, 0x0000000088a00000| Untracked 
| 139|0x0000000088b00000, 0x0000000088b00000, 0x0000000088c00000|  0%| F|  |TAMS 0x0000000088b00000, 0x0000000088b00000| Untracked 
| 140|0x0000000088c00000, 0x0000000088c00000, 0x0000000088d00000|  0%| F|  |TAMS 0x0000000088c00000, 0x0000000088c00000| Untracked 
| 141|0x0000000088d00000, 0x0000000088e00000, 0x0000000088e00000|100%| O|  |TAMS 0x0000000088e00000, 0x0000000088d00000| Untracked 
| 142|0x0000000088e00000, 0x0000000088f00000, 0x0000000088f00000|100%| O|  |TAMS 0x0000000088f00000, 0x0000000088e00000| Untracked 
| 143|0x0000000088f00000, 0x0000000088f00000, 0x0000000089000000|  0%| F|  |TAMS 0x0000000088f00000, 0x0000000088f00000| Untracked 
| 144|0x0000000089000000, 0x0000000089000000, 0x0000000089100000|  0%| F|  |TAMS 0x0000000089000000, 0x0000000089000000| Untracked 
| 145|0x0000000089100000, 0x0000000089200000, 0x0000000089200000|100%| O|  |TAMS 0x0000000089200000, 0x0000000089100000| Untracked 
| 146|0x0000000089200000, 0x0000000089200000, 0x0000000089300000|  0%| F|  |TAMS 0x0000000089200000, 0x0000000089200000| Untracked 
| 147|0x0000000089300000, 0x0000000089400000, 0x0000000089400000|100%| O|  |TAMS 0x0000000089300000, 0x0000000089300000| Untracked 
| 148|0x0000000089400000, 0x0000000089400000, 0x0000000089500000|  0%| F|  |TAMS 0x0000000089400000, 0x0000000089400000| Untracked 
| 149|0x0000000089500000, 0x0000000089600000, 0x0000000089600000|100%| O|  |TAMS 0x0000000089600000, 0x0000000089500000| Untracked 
| 150|0x0000000089600000, 0x0000000089600000, 0x0000000089700000|  0%| F|  |TAMS 0x0000000089600000, 0x0000000089600000| Untracked 
| 151|0x0000000089700000, 0x0000000089700000, 0x0000000089800000|  0%| F|  |TAMS 0x0000000089700000, 0x0000000089700000| Untracked 
| 152|0x0000000089800000, 0x0000000089800000, 0x0000000089900000|  0%| F|  |TAMS 0x0000000089800000, 0x0000000089800000| Untracked 
| 153|0x0000000089900000, 0x0000000089a00000, 0x0000000089a00000|100%| O|  |TAMS 0x0000000089a00000, 0x0000000089900000| Untracked 
| 154|0x0000000089a00000, 0x0000000089a00000, 0x0000000089b00000|  0%| F|  |TAMS 0x0000000089a00000, 0x0000000089a00000| Untracked 
| 155|0x0000000089b00000, 0x0000000089c00000, 0x0000000089c00000|100%| O|  |TAMS 0x0000000089b00000, 0x0000000089b00000| Untracked 
| 156|0x0000000089c00000, 0x0000000089d00000, 0x0000000089d00000|100%| O|  |TAMS 0x0000000089c00000, 0x0000000089c00000| Untracked 
| 157|0x0000000089d00000, 0x0000000089e00000, 0x0000000089e00000|100%| O|  |TAMS 0x0000000089d00000, 0x0000000089d00000| Untracked 
| 158|0x0000000089e00000, 0x0000000089f00000, 0x0000000089f00000|100%| O|  |TAMS 0x0000000089e00000, 0x0000000089e00000| Untracked 
| 159|0x0000000089f00000, 0x0000000089f00000, 0x000000008a000000|  0%| F|  |TAMS 0x0000000089f00000, 0x0000000089f00000| Untracked 
| 160|0x000000008a000000, 0x000000008a100000, 0x000000008a100000|100%| O|  |TAMS 0x000000008a100000, 0x000000008a000000| Untracked 
| 161|0x000000008a100000, 0x000000008a200000, 0x000000008a200000|100%| O|  |TAMS 0x000000008a200000, 0x000000008a100000| Untracked 
| 162|0x000000008a200000, 0x000000008a300000, 0x000000008a300000|100%| O|  |TAMS 0x000000008a300000, 0x000000008a200000| Untracked 
| 163|0x000000008a300000, 0x000000008a400000, 0x000000008a400000|100%| O|  |TAMS 0x000000008a400000, 0x000000008a300000| Untracked 
| 164|0x000000008a400000, 0x000000008a500000, 0x000000008a500000|100%| O|  |TAMS 0x000000008a500000, 0x000000008a400000| Untracked 
| 165|0x000000008a500000, 0x000000008a600000, 0x000000008a600000|100%| O|  |TAMS 0x000000008a600000, 0x000000008a500000| Untracked 
| 166|0x000000008a600000, 0x000000008a600000, 0x000000008a700000|  0%| F|  |TAMS 0x000000008a600000, 0x000000008a600000| Untracked 
| 167|0x000000008a700000, 0x000000008a800000, 0x000000008a800000|100%| O|  |TAMS 0x000000008a800000, 0x000000008a700000| Untracked 
| 168|0x000000008a800000, 0x000000008a900000, 0x000000008a900000|100%| O|  |TAMS 0x000000008a900000, 0x000000008a800000| Untracked 
| 169|0x000000008a900000, 0x000000008aa00000, 0x000000008aa00000|100%| O|  |TAMS 0x000000008aa00000, 0x000000008a900000| Untracked 
| 170|0x000000008aa00000, 0x000000008ab00000, 0x000000008ab00000|100%| O|  |TAMS 0x000000008ab00000, 0x000000008aa00000| Untracked 
| 171|0x000000008ab00000, 0x000000008ac00000, 0x000000008ac00000|100%| O|  |TAMS 0x000000008ac00000, 0x000000008ab00000| Untracked 
| 172|0x000000008ac00000, 0x000000008ad00000, 0x000000008ad00000|100%| O|  |TAMS 0x000000008ad00000, 0x000000008ac00000| Untracked 
| 173|0x000000008ad00000, 0x000000008ae00000, 0x000000008ae00000|100%| O|  |TAMS 0x000000008ae00000, 0x000000008ad00000| Untracked 
| 174|0x000000008ae00000, 0x000000008af00000, 0x000000008af00000|100%| O|  |TAMS 0x000000008af00000, 0x000000008ae00000| Untracked 
| 175|0x000000008af00000, 0x000000008b000000, 0x000000008b000000|100%| O|  |TAMS 0x000000008b000000, 0x000000008af00000| Untracked 
| 176|0x000000008b000000, 0x000000008b100000, 0x000000008b100000|100%| O|  |TAMS 0x000000008b100000, 0x000000008b000000| Untracked 
| 177|0x000000008b100000, 0x000000008b100000, 0x000000008b200000|  0%| F|  |TAMS 0x000000008b100000, 0x000000008b100000| Untracked 
| 178|0x000000008b200000, 0x000000008b300000, 0x000000008b300000|100%| O|  |TAMS 0x000000008b300000, 0x000000008b200000| Untracked 
| 179|0x000000008b300000, 0x000000008b400000, 0x000000008b400000|100%| O|  |TAMS 0x000000008b400000, 0x000000008b300000| Untracked 
| 180|0x000000008b400000, 0x000000008b500000, 0x000000008b500000|100%| O|  |TAMS 0x000000008b500000, 0x000000008b400000| Untracked 
| 181|0x000000008b500000, 0x000000008b600000, 0x000000008b600000|100%| O|  |TAMS 0x000000008b600000, 0x000000008b500000| Untracked 
| 182|0x000000008b600000, 0x000000008b700000, 0x000000008b700000|100%| O|  |TAMS 0x000000008b700000, 0x000000008b600000| Untracked 
| 183|0x000000008b700000, 0x000000008b800000, 0x000000008b800000|100%| O|  |TAMS 0x000000008b800000, 0x000000008b700000| Untracked 
| 184|0x000000008b800000, 0x000000008b900000, 0x000000008b900000|100%| O|  |TAMS 0x000000008b900000, 0x000000008b800000| Untracked 
| 185|0x000000008b900000, 0x000000008ba00000, 0x000000008ba00000|100%| O|  |TAMS 0x000000008ba00000, 0x000000008b900000| Untracked 
| 186|0x000000008ba00000, 0x000000008bb00000, 0x000000008bb00000|100%| O|  |TAMS 0x000000008bb00000, 0x000000008ba00000| Untracked 
| 187|0x000000008bb00000, 0x000000008bc00000, 0x000000008bc00000|100%| O|  |TAMS 0x000000008bc00000, 0x000000008bb00000| Untracked 
| 188|0x000000008bc00000, 0x000000008bd00000, 0x000000008bd00000|100%| O|  |TAMS 0x000000008bd00000, 0x000000008bc00000| Untracked 
| 189|0x000000008bd00000, 0x000000008be00000, 0x000000008be00000|100%| O|  |TAMS 0x000000008be00000, 0x000000008bd00000| Untracked 
| 190|0x000000008be00000, 0x000000008bf00000, 0x000000008bf00000|100%| O|  |TAMS 0x000000008bf00000, 0x000000008be00000| Untracked 
| 191|0x000000008bf00000, 0x000000008c000000, 0x000000008c000000|100%| O|  |TAMS 0x000000008c000000, 0x000000008bf00000| Untracked 
| 192|0x000000008c000000, 0x000000008c100000, 0x000000008c100000|100%| O|  |TAMS 0x000000008c100000, 0x000000008c000000| Untracked 
| 193|0x000000008c100000, 0x000000008c200000, 0x000000008c200000|100%| O|  |TAMS 0x000000008c200000, 0x000000008c100000| Untracked 
| 194|0x000000008c200000, 0x000000008c300000, 0x000000008c300000|100%| O|  |TAMS 0x000000008c300000, 0x000000008c200000| Untracked 
| 195|0x000000008c300000, 0x000000008c400000, 0x000000008c400000|100%| O|  |TAMS 0x000000008c400000, 0x000000008c300000| Untracked 
| 196|0x000000008c400000, 0x000000008c500000, 0x000000008c500000|100%| O|  |TAMS 0x000000008c500000, 0x000000008c400000| Untracked 
| 197|0x000000008c500000, 0x000000008c600000, 0x000000008c600000|100%| O|  |TAMS 0x000000008c600000, 0x000000008c500000| Untracked 
| 198|0x000000008c600000, 0x000000008c700000, 0x000000008c700000|100%| O|  |TAMS 0x000000008c700000, 0x000000008c600000| Untracked 
| 199|0x000000008c700000, 0x000000008c800000, 0x000000008c800000|100%| O|  |TAMS 0x000000008c800000, 0x000000008c700000| Untracked 
| 200|0x000000008c800000, 0x000000008c900000, 0x000000008c900000|100%| O|  |TAMS 0x000000008c900000, 0x000000008c800000| Untracked 
| 201|0x000000008c900000, 0x000000008ca00000, 0x000000008ca00000|100%| O|  |TAMS 0x000000008ca00000, 0x000000008c900000| Untracked 
| 202|0x000000008ca00000, 0x000000008cb00000, 0x000000008cb00000|100%| O|  |TAMS 0x000000008cb00000, 0x000000008ca00000| Untracked 
| 203|0x000000008cb00000, 0x000000008cc00000, 0x000000008cc00000|100%| O|  |TAMS 0x000000008cc00000, 0x000000008cb00000| Untracked 
| 204|0x000000008cc00000, 0x000000008cd00000, 0x000000008cd00000|100%| O|  |TAMS 0x000000008cd00000, 0x000000008cc00000| Untracked 
| 205|0x000000008cd00000, 0x000000008ce00000, 0x000000008ce00000|100%| O|  |TAMS 0x000000008ce00000, 0x000000008cd00000| Untracked 
| 206|0x000000008ce00000, 0x000000008cf00000, 0x000000008cf00000|100%| O|  |TAMS 0x000000008cf00000, 0x000000008ce00000| Untracked 
| 207|0x000000008cf00000, 0x000000008d000000, 0x000000008d000000|100%| O|  |TAMS 0x000000008d000000, 0x000000008cf00000| Untracked 
| 208|0x000000008d000000, 0x000000008d100000, 0x000000008d100000|100%| O|  |TAMS 0x000000008d100000, 0x000000008d000000| Untracked 
| 209|0x000000008d100000, 0x000000008d200000, 0x000000008d200000|100%| O|  |TAMS 0x000000008d100000, 0x000000008d100000| Untracked 
| 210|0x000000008d200000, 0x000000008d300000, 0x000000008d300000|100%| O|  |TAMS 0x000000008d200000, 0x000000008d200000| Untracked 
| 211|0x000000008d300000, 0x000000008d400000, 0x000000008d400000|100%| O|  |TAMS 0x000000008d300000, 0x000000008d300000| Untracked 
| 212|0x000000008d400000, 0x000000008d500000, 0x000000008d500000|100%| O|  |TAMS 0x000000008d400000, 0x000000008d400000| Untracked 
| 213|0x000000008d500000, 0x000000008d600000, 0x000000008d600000|100%| O|  |TAMS 0x000000008d500000, 0x000000008d500000| Untracked 
| 214|0x000000008d600000, 0x000000008d700000, 0x000000008d700000|100%| O|  |TAMS 0x000000008d600000, 0x000000008d600000| Untracked 
| 215|0x000000008d700000, 0x000000008d800000, 0x000000008d800000|100%| O|  |TAMS 0x000000008d700000, 0x000000008d700000| Untracked 
| 216|0x000000008d800000, 0x000000008d900000, 0x000000008d900000|100%| O|  |TAMS 0x000000008d800000, 0x000000008d800000| Untracked 
| 217|0x000000008d900000, 0x000000008da00000, 0x000000008da00000|100%| O|  |TAMS 0x000000008d900000, 0x000000008d900000| Untracked 
| 218|0x000000008da00000, 0x000000008db00000, 0x000000008db00000|100%| O|  |TAMS 0x000000008da00000, 0x000000008da00000| Untracked 
| 219|0x000000008db00000, 0x000000008dc00000, 0x000000008dc00000|100%| O|  |TAMS 0x000000008db00000, 0x000000008db00000| Untracked 
| 220|0x000000008dc00000, 0x000000008dd00000, 0x000000008dd00000|100%| O|  |TAMS 0x000000008dc00000, 0x000000008dc00000| Untracked 
| 221|0x000000008dd00000, 0x000000008de00000, 0x000000008de00000|100%| O|  |TAMS 0x000000008dd00000, 0x000000008dd00000| Untracked 
| 222|0x000000008de00000, 0x000000008df00000, 0x000000008df00000|100%| O|  |TAMS 0x000000008de00000, 0x000000008de00000| Untracked 
| 223|0x000000008df00000, 0x000000008e000000, 0x000000008e000000|100%| O|  |TAMS 0x000000008df00000, 0x000000008df00000| Untracked 
| 224|0x000000008e000000, 0x000000008e100000, 0x000000008e100000|100%| O|  |TAMS 0x000000008e000000, 0x000000008e000000| Untracked 
| 225|0x000000008e100000, 0x000000008e200000, 0x000000008e200000|100%| O|  |TAMS 0x000000008e100000, 0x000000008e100000| Untracked 
| 226|0x000000008e200000, 0x000000008e300000, 0x000000008e300000|100%| O|  |TAMS 0x000000008e200000, 0x000000008e200000| Untracked 
| 227|0x000000008e300000, 0x000000008e400000, 0x000000008e400000|100%| O|  |TAMS 0x000000008e300000, 0x000000008e300000| Untracked 
| 228|0x000000008e400000, 0x000000008e500000, 0x000000008e500000|100%| O|  |TAMS 0x000000008e400000, 0x000000008e400000| Untracked 
| 229|0x000000008e500000, 0x000000008e59ee00, 0x000000008e600000| 62%| O|  |TAMS 0x000000008e500000, 0x000000008e500000| Untracked 
| 230|0x000000008e600000, 0x000000008e600000, 0x000000008e700000|  0%| F|  |TAMS 0x000000008e600000, 0x000000008e600000| Untracked 
| 231|0x000000008e700000, 0x000000008e700000, 0x000000008e800000|  0%| F|  |TAMS 0x000000008e700000, 0x000000008e700000| Untracked 
| 232|0x000000008e800000, 0x000000008e800000, 0x000000008e900000|  0%| F|  |TAMS 0x000000008e800000, 0x000000008e800000| Untracked 
| 233|0x000000008e900000, 0x000000008e900000, 0x000000008ea00000|  0%| F|  |TAMS 0x000000008e900000, 0x000000008e900000| Untracked 
| 234|0x000000008ea00000, 0x000000008ea00000, 0x000000008eb00000|  0%| F|  |TAMS 0x000000008ea00000, 0x000000008ea00000| Untracked 
| 235|0x000000008eb00000, 0x000000008eb00000, 0x000000008ec00000|  0%| F|  |TAMS 0x000000008eb00000, 0x000000008eb00000| Untracked 
| 236|0x000000008ec00000, 0x000000008ec00000, 0x000000008ed00000|  0%| F|  |TAMS 0x000000008ec00000, 0x000000008ec00000| Untracked 
| 237|0x000000008ed00000, 0x000000008ed00000, 0x000000008ee00000|  0%| F|  |TAMS 0x000000008ed00000, 0x000000008ed00000| Untracked 
| 238|0x000000008ee00000, 0x000000008ee00000, 0x000000008ef00000|  0%| F|  |TAMS 0x000000008ee00000, 0x000000008ee00000| Untracked 
| 239|0x000000008ef00000, 0x000000008ef00000, 0x000000008f000000|  0%| F|  |TAMS 0x000000008ef00000, 0x000000008ef00000| Untracked 
| 240|0x000000008f000000, 0x000000008f000000, 0x000000008f100000|  0%| F|  |TAMS 0x000000008f000000, 0x000000008f000000| Untracked 
| 241|0x000000008f100000, 0x000000008f100000, 0x000000008f200000|  0%| F|  |TAMS 0x000000008f100000, 0x000000008f100000| Untracked 
| 242|0x000000008f200000, 0x000000008f200000, 0x000000008f300000|  0%| F|  |TAMS 0x000000008f200000, 0x000000008f200000| Untracked 
| 243|0x000000008f300000, 0x000000008f300000, 0x000000008f400000|  0%| F|  |TAMS 0x000000008f300000, 0x000000008f300000| Untracked 
| 244|0x000000008f400000, 0x000000008f400000, 0x000000008f500000|  0%| F|  |TAMS 0x000000008f400000, 0x000000008f400000| Untracked 
| 245|0x000000008f500000, 0x000000008f500000, 0x000000008f600000|  0%| F|  |TAMS 0x000000008f500000, 0x000000008f500000| Untracked 
| 246|0x000000008f600000, 0x000000008f600000, 0x000000008f700000|  0%| F|  |TAMS 0x000000008f600000, 0x000000008f600000| Untracked 
| 247|0x000000008f700000, 0x000000008f700000, 0x000000008f800000|  0%| F|  |TAMS 0x000000008f700000, 0x000000008f700000| Untracked 
| 248|0x000000008f800000, 0x000000008f800000, 0x000000008f900000|  0%| F|  |TAMS 0x000000008f800000, 0x000000008f800000| Untracked 
| 249|0x000000008f900000, 0x000000008f900000, 0x000000008fa00000|  0%| F|  |TAMS 0x000000008f900000, 0x000000008f900000| Untracked 
| 250|0x000000008fa00000, 0x000000008fa00000, 0x000000008fb00000|  0%| F|  |TAMS 0x000000008fa00000, 0x000000008fa00000| Untracked 
| 251|0x000000008fb00000, 0x000000008fb00000, 0x000000008fc00000|  0%| F|  |TAMS 0x000000008fb00000, 0x000000008fb00000| Untracked 
| 252|0x000000008fc00000, 0x000000008fc00000, 0x000000008fd00000|  0%| F|  |TAMS 0x000000008fc00000, 0x000000008fc00000| Untracked 
| 253|0x000000008fd00000, 0x000000008fd00000, 0x000000008fe00000|  0%| F|  |TAMS 0x000000008fd00000, 0x000000008fd00000| Untracked 
| 254|0x000000008fe00000, 0x000000008fe00000, 0x000000008ff00000|  0%| F|  |TAMS 0x000000008fe00000, 0x000000008fe00000| Untracked 
| 255|0x000000008ff00000, 0x000000008ff00000, 0x0000000090000000|  0%| F|  |TAMS 0x000000008ff00000, 0x000000008ff00000| Untracked 
| 256|0x0000000090000000, 0x0000000090000000, 0x0000000090100000|  0%| F|  |TAMS 0x0000000090000000, 0x0000000090000000| Untracked 
| 257|0x0000000090100000, 0x0000000090100000, 0x0000000090200000|  0%| F|  |TAMS 0x0000000090100000, 0x0000000090100000| Untracked 
| 258|0x0000000090200000, 0x0000000090200000, 0x0000000090300000|  0%| F|  |TAMS 0x0000000090200000, 0x0000000090200000| Untracked 
| 259|0x0000000090300000, 0x0000000090300000, 0x0000000090400000|  0%| F|  |TAMS 0x0000000090300000, 0x0000000090300000| Untracked 
| 260|0x0000000090400000, 0x0000000090400000, 0x0000000090500000|  0%| F|  |TAMS 0x0000000090400000, 0x0000000090400000| Untracked 
| 261|0x0000000090500000, 0x0000000090500000, 0x0000000090600000|  0%| F|  |TAMS 0x0000000090500000, 0x0000000090500000| Untracked 
| 262|0x0000000090600000, 0x0000000090600000, 0x0000000090700000|  0%| F|  |TAMS 0x0000000090600000, 0x0000000090600000| Untracked 
| 263|0x0000000090700000, 0x0000000090700000, 0x0000000090800000|  0%| F|  |TAMS 0x0000000090700000, 0x0000000090700000| Untracked 
| 264|0x0000000090800000, 0x0000000090800000, 0x0000000090900000|  0%| F|  |TAMS 0x0000000090800000, 0x0000000090800000| Untracked 
| 265|0x0000000090900000, 0x0000000090900000, 0x0000000090a00000|  0%| F|  |TAMS 0x0000000090900000, 0x0000000090900000| Untracked 
| 266|0x0000000090a00000, 0x0000000090a00000, 0x0000000090b00000|  0%| F|  |TAMS 0x0000000090a00000, 0x0000000090a00000| Untracked 
| 267|0x0000000090b00000, 0x0000000090b00000, 0x0000000090c00000|  0%| F|  |TAMS 0x0000000090b00000, 0x0000000090b00000| Untracked 
| 268|0x0000000090c00000, 0x0000000090c00000, 0x0000000090d00000|  0%| F|  |TAMS 0x0000000090c00000, 0x0000000090c00000| Untracked 
| 269|0x0000000090d00000, 0x0000000090d00000, 0x0000000090e00000|  0%| F|  |TAMS 0x0000000090d00000, 0x0000000090d00000| Untracked 
| 270|0x0000000090e00000, 0x0000000090e00000, 0x0000000090f00000|  0%| F|  |TAMS 0x0000000090e00000, 0x0000000090e00000| Untracked 
| 271|0x0000000090f00000, 0x0000000090f00000, 0x0000000091000000|  0%| F|  |TAMS 0x0000000090f00000, 0x0000000090f00000| Untracked 
| 272|0x0000000091000000, 0x0000000091000000, 0x0000000091100000|  0%| F|  |TAMS 0x0000000091000000, 0x0000000091000000| Untracked 
| 273|0x0000000091100000, 0x0000000091100000, 0x0000000091200000|  0%| F|  |TAMS 0x0000000091100000, 0x0000000091100000| Untracked 
| 274|0x0000000091200000, 0x0000000091200000, 0x0000000091300000|  0%| F|  |TAMS 0x0000000091200000, 0x0000000091200000| Untracked 
| 275|0x0000000091300000, 0x0000000091300000, 0x0000000091400000|  0%| F|  |TAMS 0x0000000091300000, 0x0000000091300000| Untracked 
| 276|0x0000000091400000, 0x0000000091400000, 0x0000000091500000|  0%| F|  |TAMS 0x0000000091400000, 0x0000000091400000| Untracked 
| 277|0x0000000091500000, 0x0000000091500000, 0x0000000091600000|  0%| F|  |TAMS 0x0000000091500000, 0x0000000091500000| Untracked 
| 278|0x0000000091600000, 0x0000000091600000, 0x0000000091700000|  0%| F|  |TAMS 0x0000000091600000, 0x0000000091600000| Untracked 
| 279|0x0000000091700000, 0x0000000091700000, 0x0000000091800000|  0%| F|  |TAMS 0x0000000091700000, 0x0000000091700000| Untracked 
| 280|0x0000000091800000, 0x0000000091800000, 0x0000000091900000|  0%| F|  |TAMS 0x0000000091800000, 0x0000000091800000| Untracked 
| 281|0x0000000091900000, 0x0000000091900000, 0x0000000091a00000|  0%| F|  |TAMS 0x0000000091900000, 0x0000000091900000| Untracked 
| 282|0x0000000091a00000, 0x0000000091a00000, 0x0000000091b00000|  0%| F|  |TAMS 0x0000000091a00000, 0x0000000091a00000| Untracked 
| 283|0x0000000091b00000, 0x0000000091b00000, 0x0000000091c00000|  0%| F|  |TAMS 0x0000000091b00000, 0x0000000091b00000| Untracked 
| 284|0x0000000091c00000, 0x0000000091c00000, 0x0000000091d00000|  0%| F|  |TAMS 0x0000000091c00000, 0x0000000091c00000| Untracked 
| 285|0x0000000091d00000, 0x0000000091d00000, 0x0000000091e00000|  0%| F|  |TAMS 0x0000000091d00000, 0x0000000091d00000| Untracked 
| 286|0x0000000091e00000, 0x0000000091e00000, 0x0000000091f00000|  0%| F|  |TAMS 0x0000000091e00000, 0x0000000091e00000| Untracked 
| 287|0x0000000091f00000, 0x0000000091f00000, 0x0000000092000000|  0%| F|  |TAMS 0x0000000091f00000, 0x0000000091f00000| Untracked 
| 288|0x0000000092000000, 0x0000000092000000, 0x0000000092100000|  0%| F|  |TAMS 0x0000000092000000, 0x0000000092000000| Untracked 
| 289|0x0000000092100000, 0x0000000092100000, 0x0000000092200000|  0%| F|  |TAMS 0x0000000092100000, 0x0000000092100000| Untracked 
| 290|0x0000000092200000, 0x0000000092200000, 0x0000000092300000|  0%| F|  |TAMS 0x0000000092200000, 0x0000000092200000| Untracked 
| 291|0x0000000092300000, 0x0000000092300000, 0x0000000092400000|  0%| F|  |TAMS 0x0000000092300000, 0x0000000092300000| Untracked 
| 292|0x0000000092400000, 0x0000000092400000, 0x0000000092500000|  0%| F|  |TAMS 0x0000000092400000, 0x0000000092400000| Untracked 
| 293|0x0000000092500000, 0x0000000092500000, 0x0000000092600000|  0%| F|  |TAMS 0x0000000092500000, 0x0000000092500000| Untracked 
| 294|0x0000000092600000, 0x0000000092600000, 0x0000000092700000|  0%| F|  |TAMS 0x0000000092600000, 0x0000000092600000| Untracked 
| 295|0x0000000092700000, 0x0000000092700000, 0x0000000092800000|  0%| F|  |TAMS 0x0000000092700000, 0x0000000092700000| Untracked 
| 296|0x0000000092800000, 0x0000000092800000, 0x0000000092900000|  0%| F|  |TAMS 0x0000000092800000, 0x0000000092800000| Untracked 
| 297|0x0000000092900000, 0x0000000092900000, 0x0000000092a00000|  0%| F|  |TAMS 0x0000000092900000, 0x0000000092900000| Untracked 
| 298|0x0000000092a00000, 0x0000000092a00000, 0x0000000092b00000|  0%| F|  |TAMS 0x0000000092a00000, 0x0000000092a00000| Untracked 
| 299|0x0000000092b00000, 0x0000000092b00000, 0x0000000092c00000|  0%| F|  |TAMS 0x0000000092b00000, 0x0000000092b00000| Untracked 
| 300|0x0000000092c00000, 0x0000000092c00000, 0x0000000092d00000|  0%| F|  |TAMS 0x0000000092c00000, 0x0000000092c00000| Untracked 
| 301|0x0000000092d00000, 0x0000000092df33e0, 0x0000000092e00000| 95%| S|CS|TAMS 0x0000000092d00000, 0x0000000092d00000| Complete 
| 302|0x0000000092e00000, 0x0000000092e00000, 0x0000000092f00000|  0%| F|  |TAMS 0x0000000092e00000, 0x0000000092e00000| Untracked 
| 303|0x0000000092f00000, 0x0000000092f00000, 0x0000000093000000|  0%| F|  |TAMS 0x0000000092f00000, 0x0000000092f00000| Untracked 
| 304|0x0000000093000000, 0x0000000093000000, 0x0000000093100000|  0%| F|  |TAMS 0x0000000093000000, 0x0000000093000000| Untracked 
| 305|0x0000000093100000, 0x0000000093100000, 0x0000000093200000|  0%| F|  |TAMS 0x0000000093100000, 0x0000000093100000| Untracked 
| 306|0x0000000093200000, 0x0000000093200000, 0x0000000093300000|  0%| F|  |TAMS 0x0000000093200000, 0x0000000093200000| Untracked 
| 307|0x0000000093300000, 0x0000000093300000, 0x0000000093400000|  0%| F|  |TAMS 0x0000000093300000, 0x0000000093300000| Untracked 
| 308|0x0000000093400000, 0x0000000093400000, 0x0000000093500000|  0%| F|  |TAMS 0x0000000093400000, 0x0000000093400000| Untracked 
| 309|0x0000000093500000, 0x0000000093500000, 0x0000000093600000|  0%| F|  |TAMS 0x0000000093500000, 0x0000000093500000| Untracked 
| 310|0x0000000093600000, 0x0000000093600000, 0x0000000093700000|  0%| F|  |TAMS 0x0000000093600000, 0x0000000093600000| Untracked 
| 311|0x0000000093700000, 0x0000000093700000, 0x0000000093800000|  0%| F|  |TAMS 0x0000000093700000, 0x0000000093700000| Untracked 
| 312|0x0000000093800000, 0x0000000093800000, 0x0000000093900000|  0%| F|  |TAMS 0x0000000093800000, 0x0000000093800000| Untracked 
| 313|0x0000000093900000, 0x0000000093900000, 0x0000000093a00000|  0%| F|  |TAMS 0x0000000093900000, 0x0000000093900000| Untracked 
| 314|0x0000000093a00000, 0x0000000093a00000, 0x0000000093b00000|  0%| F|  |TAMS 0x0000000093a00000, 0x0000000093a00000| Untracked 
| 315|0x0000000093b00000, 0x0000000093b00000, 0x0000000093c00000|  0%| F|  |TAMS 0x0000000093b00000, 0x0000000093b00000| Untracked 
| 316|0x0000000093c00000, 0x0000000093c00000, 0x0000000093d00000|  0%| F|  |TAMS 0x0000000093c00000, 0x0000000093c00000| Untracked 
| 317|0x0000000093d00000, 0x0000000093d00000, 0x0000000093e00000|  0%| F|  |TAMS 0x0000000093d00000, 0x0000000093d00000| Untracked 
| 318|0x0000000093e00000, 0x0000000093e00000, 0x0000000093f00000|  0%| F|  |TAMS 0x0000000093e00000, 0x0000000093e00000| Untracked 
| 319|0x0000000093f00000, 0x0000000093f00000, 0x0000000094000000|  0%| F|  |TAMS 0x0000000093f00000, 0x0000000093f00000| Untracked 
| 320|0x0000000094000000, 0x0000000094000000, 0x0000000094100000|  0%| F|  |TAMS 0x0000000094000000, 0x0000000094000000| Untracked 
| 321|0x0000000094100000, 0x0000000094100000, 0x0000000094200000|  0%| F|  |TAMS 0x0000000094100000, 0x0000000094100000| Untracked 
| 322|0x0000000094200000, 0x0000000094200000, 0x0000000094300000|  0%| F|  |TAMS 0x0000000094200000, 0x0000000094200000| Untracked 
| 323|0x0000000094300000, 0x0000000094300000, 0x0000000094400000|  0%| F|  |TAMS 0x0000000094300000, 0x0000000094300000| Untracked 
| 324|0x0000000094400000, 0x0000000094400000, 0x0000000094500000|  0%| F|  |TAMS 0x0000000094400000, 0x0000000094400000| Untracked 
| 325|0x0000000094500000, 0x0000000094500000, 0x0000000094600000|  0%| F|  |TAMS 0x0000000094500000, 0x0000000094500000| Untracked 
| 326|0x0000000094600000, 0x0000000094600000, 0x0000000094700000|  0%| F|  |TAMS 0x0000000094600000, 0x0000000094600000| Untracked 
| 327|0x0000000094700000, 0x0000000094700000, 0x0000000094800000|  0%| F|  |TAMS 0x0000000094700000, 0x0000000094700000| Untracked 
| 328|0x0000000094800000, 0x0000000094800000, 0x0000000094900000|  0%| F|  |TAMS 0x0000000094800000, 0x0000000094800000| Untracked 
| 329|0x0000000094900000, 0x0000000094900000, 0x0000000094a00000|  0%| F|  |TAMS 0x0000000094900000, 0x0000000094900000| Untracked 
| 330|0x0000000094a00000, 0x0000000094a00000, 0x0000000094b00000|  0%| F|  |TAMS 0x0000000094a00000, 0x0000000094a00000| Untracked 
| 331|0x0000000094b00000, 0x0000000094b00000, 0x0000000094c00000|  0%| F|  |TAMS 0x0000000094b00000, 0x0000000094b00000| Untracked 
| 332|0x0000000094c00000, 0x0000000094c00000, 0x0000000094d00000|  0%| F|  |TAMS 0x0000000094c00000, 0x0000000094c00000| Untracked 
| 333|0x0000000094d00000, 0x0000000094d00000, 0x0000000094e00000|  0%| F|  |TAMS 0x0000000094d00000, 0x0000000094d00000| Untracked 
| 334|0x0000000094e00000, 0x0000000094e00000, 0x0000000094f00000|  0%| F|  |TAMS 0x0000000094e00000, 0x0000000094e00000| Untracked 
| 335|0x0000000094f00000, 0x0000000094f00000, 0x0000000095000000|  0%| F|  |TAMS 0x0000000094f00000, 0x0000000094f00000| Untracked 
| 336|0x0000000095000000, 0x0000000095000000, 0x0000000095100000|  0%| F|  |TAMS 0x0000000095000000, 0x0000000095000000| Untracked 
| 337|0x0000000095100000, 0x0000000095100000, 0x0000000095200000|  0%| F|  |TAMS 0x0000000095100000, 0x0000000095100000| Untracked 
| 338|0x0000000095200000, 0x0000000095200000, 0x0000000095300000|  0%| F|  |TAMS 0x0000000095200000, 0x0000000095200000| Untracked 
| 339|0x0000000095300000, 0x0000000095300000, 0x0000000095400000|  0%| F|  |TAMS 0x0000000095300000, 0x0000000095300000| Untracked 
| 340|0x0000000095400000, 0x0000000095400000, 0x0000000095500000|  0%| F|  |TAMS 0x0000000095400000, 0x0000000095400000| Untracked 
| 341|0x0000000095500000, 0x0000000095500000, 0x0000000095600000|  0%| F|  |TAMS 0x0000000095500000, 0x0000000095500000| Untracked 
| 342|0x0000000095600000, 0x0000000095600000, 0x0000000095700000|  0%| F|  |TAMS 0x0000000095600000, 0x0000000095600000| Untracked 
| 343|0x0000000095700000, 0x0000000095700000, 0x0000000095800000|  0%| F|  |TAMS 0x0000000095700000, 0x0000000095700000| Untracked 
| 344|0x0000000095800000, 0x0000000095800000, 0x0000000095900000|  0%| F|  |TAMS 0x0000000095800000, 0x0000000095800000| Untracked 
| 345|0x0000000095900000, 0x0000000095900000, 0x0000000095a00000|  0%| F|  |TAMS 0x0000000095900000, 0x0000000095900000| Untracked 
| 346|0x0000000095a00000, 0x0000000095a00000, 0x0000000095b00000|  0%| F|  |TAMS 0x0000000095a00000, 0x0000000095a00000| Untracked 
| 347|0x0000000095b00000, 0x0000000095b00000, 0x0000000095c00000|  0%| F|  |TAMS 0x0000000095b00000, 0x0000000095b00000| Untracked 
| 348|0x0000000095c00000, 0x0000000095c00000, 0x0000000095d00000|  0%| F|  |TAMS 0x0000000095c00000, 0x0000000095c00000| Untracked 
| 349|0x0000000095d00000, 0x0000000095d00000, 0x0000000095e00000|  0%| F|  |TAMS 0x0000000095d00000, 0x0000000095d00000| Untracked 
| 350|0x0000000095e00000, 0x0000000095e00000, 0x0000000095f00000|  0%| F|  |TAMS 0x0000000095e00000, 0x0000000095e00000| Untracked 
| 351|0x0000000095f00000, 0x0000000095f00000, 0x0000000096000000|  0%| F|  |TAMS 0x0000000095f00000, 0x0000000095f00000| Untracked 
| 352|0x0000000096000000, 0x0000000096000000, 0x0000000096100000|  0%| F|  |TAMS 0x0000000096000000, 0x0000000096000000| Untracked 
| 353|0x0000000096100000, 0x0000000096100000, 0x0000000096200000|  0%| F|  |TAMS 0x0000000096100000, 0x0000000096100000| Untracked 
| 354|0x0000000096200000, 0x0000000096200000, 0x0000000096300000|  0%| F|  |TAMS 0x0000000096200000, 0x0000000096200000| Untracked 
| 355|0x0000000096300000, 0x0000000096300000, 0x0000000096400000|  0%| F|  |TAMS 0x0000000096300000, 0x0000000096300000| Untracked 

Card table byte_map: [0x00000210dccc0000,0x00000210dd0c0000] _byte_map_base: 0x00000210dc8c0000

Marking Bits (Prev, Next): (CMBitMap*) 0x00000210c9deffc0, (CMBitMap*) 0x00000210c9deff88
 Prev Bits: [0x00000210df4c0000, 0x00000210e14c0000)
 Next Bits: [0x00000210dd4c0000, 0x00000210df4c0000)

Polling page: 0x00000210c9590000

Metaspace:

Usage:
  Non-class:    135.37 MB capacity,   132.51 MB ( 98%) used,     2.38 MB (  2%) free+waste,   487.81 KB ( <1%) overhead. 
      Class:     21.04 MB capacity,    19.42 MB ( 92%) used,     1.41 MB (  7%) free+waste,   220.50 KB (  1%) overhead. 
       Both:    156.41 MB capacity,   151.93 MB ( 97%) used,     3.79 MB (  2%) free+waste,   708.31 KB ( <1%) overhead. 

Virtual space:
  Non-class space:      136.00 MB reserved,     135.44 MB (>99%) committed 
      Class space:        1.00 GB reserved,      21.07 MB (  2%) committed 
             Both:        1.13 GB reserved,     156.52 MB ( 13%) committed 

Chunk freelists:
   Non-Class:  14.00 KB
       Class:  18.00 KB
        Both:  32.00 KB

MaxMetaspaceSize: 17179869184.00 GB
CompressedClassSpaceSize: 1.00 GB
Initial GC threshold: 20.80 MB
Current GC threshold: 253.15 MB
CDS: off

CodeHeap 'non-profiled nmethods': size=120064Kb used=13670Kb max_used=13747Kb free=106393Kb
 bounds [0x00000210d5380000, 0x00000210d6110000, 0x00000210dc8c0000]
CodeHeap 'profiled nmethods': size=120000Kb used=49689Kb max_used=49689Kb free=70310Kb
 bounds [0x00000210cde50000, 0x00000210d0f20000, 0x00000210d5380000]
CodeHeap 'non-nmethods': size=5696Kb used=2488Kb max_used=2543Kb free=3208Kb
 bounds [0x00000210cd8c0000, 0x00000210cdb50000, 0x00000210cde50000]
 total_blobs=23368 nmethods=22353 adapters=925
 compilation: enabled
              stopped_count=0, restarted_count=0
 full_count=0

Compilation events (20 events):
Event: 332.226 Thread 0x00000210e39ea800 nmethod 25143 0x00000210cf82c390 code [0x00000210cf82c540, 0x00000210cf82c6b8]
Event: 332.226 Thread 0x00000210e39c3800 nmethod 25162 0x00000210d58f2210 code [0x00000210d58f23c0, 0x00000210d58f2518]
Event: 332.226 Thread 0x00000210e39ea800 25147       3       com.android.tools.r8.internal.Ql::j (15 bytes)
Event: 332.226 Thread 0x00000210e39c3800 25163       4       com.android.tools.r8.internal.jY::d0 (8 bytes)
Event: 332.226 Thread 0x00000210e39ea800 nmethod 25147 0x00000210cf82bd90 code [0x00000210cf82bf60, 0x00000210cf82c248]
Event: 332.226 Thread 0x00000210e39ea800 25168       3       com.android.tools.r8.internal.rY::a (82 bytes)
Event: 332.227 Thread 0x00000210e39c3800 nmethod 25163 0x00000210d58f1e90 code [0x00000210d58f2040, 0x00000210d58f2138]
Event: 332.228 Thread 0x00000210e39ea800 nmethod 25168 0x00000210cf417e90 code [0x00000210cf418160, 0x00000210cf419158]
Event: 332.228 Thread 0x00000210e39c3800 25167       4       java.util.ArrayList::sort (45 bytes)
Event: 332.228 Thread 0x00000210e39ea800 25169       3       com.android.tools.r8.ir.regalloc.b::i (614 bytes)
Event: 332.229 Thread 0x00000210e39c3800 nmethod 25167 0x00000210d58f1b10 code [0x00000210d58f1cc0, 0x00000210d58f1d88]
Event: 332.229 Thread 0x00000210e39c3800 25123       4       com.android.tools.r8.internal.Xc::C (2 bytes)
Event: 332.229 Thread 0x00000210e39c3800 nmethod 25123 0x00000210d58f1810 code [0x00000210d58f19a0, 0x00000210d58f19f8]
Event: 332.229 Thread 0x00000210e39c3800 25108       4       com.android.tools.r8.internal.Qs::p2 (11 bytes)
Event: 332.229 Thread 0x00000210e39c3800 nmethod 25108 0x00000210d58f1510 code [0x00000210d58f16a0, 0x00000210d58f1738]
Event: 332.229 Thread 0x00000210e39c3800 25064       4       com.android.tools.r8.internal.f7::a (1 bytes)
Event: 332.229 Thread 0x00000210e39c3800 nmethod 25064 0x00000210d58f1210 code [0x00000210d58f13a0, 0x00000210d58f13f8]
Event: 332.229 Thread 0x00000210e39c3800 25116       4       com.android.tools.r8.internal.ff::f (8 bytes)
Event: 332.230 Thread 0x00000210e39c3800 nmethod 25116 0x00000210d58f0f10 code [0x00000210d58f10a0, 0x00000210d58f1138]
Event: 332.230 Thread 0x00000210e39c3800 25117       4       com.android.tools.r8.internal.ff::e (8 bytes)

GC Heap History (20 events):
Event: 328.582 GC heap after
{Heap after GC invocations=95 (full 0):
 garbage-first heap   total 270336K, used 193688K [0x0000000080000000, 0x0000000100000000)
  region size 1024K, 6 young (6144K), 6 survivors (6144K)
 Metaspace       used 147425K, capacity 151687K, committed 151824K, reserved 1181696K
  class space    used 18742K, capacity 20230K, committed 20300K, reserved 1048576K
}
Event: 328.897 GC heap before
{Heap before GC invocations=95 (full 0):
 garbage-first heap   total 270336K, used 228504K [0x0000000080000000, 0x0000000100000000)
  region size 1024K, 40 young (40960K), 6 survivors (6144K)
 Metaspace       used 148197K, capacity 152465K, committed 152720K, reserved 1181696K
  class space    used 18815K, capacity 20335K, committed 20428K, reserved 1048576K
}
Event: 328.921 GC heap after
{Heap after GC invocations=96 (full 0):
 garbage-first heap   total 270336K, used 198656K [0x0000000080000000, 0x0000000100000000)
  region size 1024K, 5 young (5120K), 5 survivors (5120K)
 Metaspace       used 148197K, capacity 152465K, committed 152720K, reserved 1181696K
  class space    used 18815K, capacity 20335K, committed 20428K, reserved 1048576K
}
Event: 329.207 GC heap before
{Heap before GC invocations=96 (full 0):
 garbage-first heap   total 270336K, used 229376K [0x0000000080000000, 0x0000000100000000)
  region size 1024K, 35 young (35840K), 5 survivors (5120K)
 Metaspace       used 149143K, capacity 153449K, committed 153616K, reserved 1181696K
  class space    used 18957K, capacity 20469K, committed 20556K, reserved 1048576K
}
Event: 329.263 GC heap after
{Heap after GC invocations=97 (full 0):
 garbage-first heap   total 270336K, used 204776K [0x0000000080000000, 0x0000000100000000)
  region size 1024K, 5 young (5120K), 5 survivors (5120K)
 Metaspace       used 149143K, capacity 153449K, committed 153616K, reserved 1181696K
  class space    used 18957K, capacity 20469K, committed 20556K, reserved 1048576K
}
Event: 329.422 GC heap before
{Heap before GC invocations=97 (full 0):
 garbage-first heap   total 270336K, used 230376K [0x0000000080000000, 0x0000000100000000)
  region size 1024K, 30 young (30720K), 5 survivors (5120K)
 Metaspace       used 149428K, capacity 153741K, committed 153872K, reserved 1183744K
  class space    used 18990K, capacity 20501K, committed 20556K, reserved 1048576K
}
Event: 329.447 GC heap after
{Heap after GC invocations=98 (full 0):
 garbage-first heap   total 270336K, used 209920K [0x0000000080000000, 0x0000000100000000)
  region size 1024K, 4 young (4096K), 4 survivors (4096K)
 Metaspace       used 149428K, capacity 153741K, committed 153872K, reserved 1183744K
  class space    used 18990K, capacity 20501K, committed 20556K, reserved 1048576K
}
Event: 329.554 GC heap before
{Heap before GC invocations=98 (full 0):
 garbage-first heap   total 270336K, used 232448K [0x0000000080000000, 0x0000000100000000)
  region size 1024K, 26 young (26624K), 4 survivors (4096K)
 Metaspace       used 150097K, capacity 154437K, committed 154768K, reserved 1183744K
  class space    used 19075K, capacity 20605K, committed 20684K, reserved 1048576K
}
Event: 329.572 GC heap after
{Heap after GC invocations=99 (full 0):
 garbage-first heap   total 270336K, used 213927K [0x0000000080000000, 0x0000000100000000)
  region size 1024K, 4 young (4096K), 4 survivors (4096K)
 Metaspace       used 150097K, capacity 154437K, committed 154768K, reserved 1183744K
  class space    used 19075K, capacity 20605K, committed 20684K, reserved 1048576K
}
Event: 329.645 GC heap before
{Heap before GC invocations=99 (full 0):
 garbage-first heap   total 270336K, used 233383K [0x0000000080000000, 0x0000000100000000)
  region size 1024K, 23 young (23552K), 4 survivors (4096K)
 Metaspace       used 150803K, capacity 155280K, committed 155536K, reserved 1183744K
  class space    used 19201K, capacity 20826K, committed 20940K, reserved 1048576K
}
Event: 329.662 GC heap after
{Heap after GC invocations=100 (full 0):
 garbage-first heap   total 270336K, used 217088K [0x0000000080000000, 0x0000000100000000)
  region size 1024K, 3 young (3072K), 3 survivors (3072K)
 Metaspace       used 150803K, capacity 155280K, committed 155536K, reserved 1183744K
  class space    used 19201K, capacity 20826K, committed 20940K, reserved 1048576K
}
Event: 329.710 GC heap before
{Heap before GC invocations=100 (full 0):
 garbage-first heap   total 270336K, used 234496K [0x0000000080000000, 0x0000000100000000)
  region size 1024K, 20 young (20480K), 3 survivors (3072K)
 Metaspace       used 150812K, capacity 155283K, committed 155536K, reserved 1183744K
  class space    used 19201K, capacity 20826K, committed 20940K, reserved 1048576K
}
Event: 329.725 GC heap after
{Heap after GC invocations=101 (full 0):
 garbage-first heap   total 364544K, used 220717K [0x0000000080000000, 0x0000000100000000)
  region size 1024K, 3 young (3072K), 3 survivors (3072K)
 Metaspace       used 150812K, capacity 155283K, committed 155536K, reserved 1183744K
  class space    used 19201K, capacity 20826K, committed 20940K, reserved 1048576K
}
Event: 330.015 GC heap before
{Heap before GC invocations=101 (full 0):
 garbage-first heap   total 364544K, used 269869K [0x0000000080000000, 0x0000000100000000)
  region size 1024K, 51 young (52224K), 3 survivors (3072K)
 Metaspace       used 150864K, capacity 155311K, committed 155536K, reserved 1183744K
  class space    used 19209K, capacity 20834K, committed 20940K, reserved 1048576K
}
Event: 330.042 GC heap after
{Heap after GC invocations=102 (full 0):
 garbage-first heap   total 364544K, used 229021K [0x0000000080000000, 0x0000000100000000)
  region size 1024K, 7 young (7168K), 7 survivors (7168K)
 Metaspace       used 150864K, capacity 155311K, committed 155536K, reserved 1183744K
  class space    used 19209K, capacity 20834K, committed 20940K, reserved 1048576K
}
Event: 331.380 GC heap before
{Heap before GC invocations=103 (full 0):
 garbage-first heap   total 364544K, used 272029K [0x0000000080000000, 0x0000000100000000)
  region size 1024K, 55 young (56320K), 7 survivors (7168K)
 Metaspace       used 152715K, capacity 157140K, committed 157328K, reserved 1185792K
  class space    used 19525K, capacity 21133K, committed 21196K, reserved 1048576K
}
Event: 331.437 GC heap after
{Heap after GC invocations=104 (full 0):
 garbage-first heap   total 364544K, used 231611K [0x0000000080000000, 0x0000000100000000)
  region size 1024K, 7 young (7168K), 7 survivors (7168K)
 Metaspace       used 152715K, capacity 157140K, committed 157328K, reserved 1185792K
  class space    used 19525K, capacity 21133K, committed 21196K, reserved 1048576K
}
Event: 331.664 GC heap before
{Heap before GC invocations=104 (full 0):
 garbage-first heap   total 364544K, used 241851K [0x0000000080000000, 0x0000000100000000)
  region size 1024K, 17 young (17408K), 7 survivors (7168K)
 Metaspace       used 154118K, capacity 158654K, committed 158864K, reserved 1187840K
  class space    used 19770K, capacity 21403K, committed 21452K, reserved 1048576K
}
Event: 331.690 GC heap after
{Heap after GC invocations=105 (full 0):
 garbage-first heap   total 364544K, used 220795K [0x0000000080000000, 0x0000000100000000)
  region size 1024K, 1 young (1024K), 1 survivors (1024K)
 Metaspace       used 154118K, capacity 158654K, committed 158864K, reserved 1187840K
  class space    used 19770K, capacity 21403K, committed 21452K, reserved 1048576K
}
Event: 332.231 GC heap before
{Heap before GC invocations=105 (full 0):
 garbage-first heap   total 364544K, used 275067K [0x0000000080000000, 0x0000000100000000)
  region size 1024K, 54 young (55296K), 1 survivors (1024K)
 Metaspace       used 155576K, capacity 160164K, committed 160272K, reserved 1187840K
  class space    used 19889K, capacity 21550K, committed 21580K, reserved 1048576K
}

Deoptimization events (20 events):
Event: 332.106 Thread 0x00000210e8610800 DEOPT PACKING pc=0x00000210d55ee94c sp=0x000000f643bf9ae0
Event: 332.106 Thread 0x00000210e8610800 DEOPT UNPACKING pc=0x00000210cd90a1af sp=0x000000f643bf9aa8 mode 2
Event: 332.115 Thread 0x00000210eb167800 DEOPT PACKING pc=0x00000210ce76e29f sp=0x000000f642ff8270
Event: 332.118 Thread 0x00000210eb167800 DEOPT UNPACKING pc=0x00000210cd90a95e sp=0x000000f642ff7700 mode 0
Event: 332.140 Thread 0x00000210eef6a000 DEOPT PACKING pc=0x00000210ce76e29f sp=0x000000f6441f96b0
Event: 332.140 Thread 0x00000210eef6a000 DEOPT UNPACKING pc=0x00000210cd90a95e sp=0x000000f6441f8b40 mode 0
Event: 332.149 Thread 0x00000210e8610800 DEOPT PACKING pc=0x00000210cf8123f5 sp=0x000000f643bf9750
Event: 332.149 Thread 0x00000210e8610800 DEOPT UNPACKING pc=0x00000210cd90a95e sp=0x000000f643bf8c50 mode 0
Event: 332.157 Thread 0x00000210eb166000 DEOPT PACKING pc=0x00000210ce76e29f sp=0x000000f642ef9a70
Event: 332.168 Thread 0x00000210eb166000 DEOPT UNPACKING pc=0x00000210cd90a95e sp=0x000000f642ef8f00 mode 0
Event: 332.169 Thread 0x00000210eef6a000 DEOPT PACKING pc=0x00000210cf843847 sp=0x000000f6441f8770
Event: 332.169 Thread 0x00000210eef6a000 DEOPT UNPACKING pc=0x00000210cd90a95e sp=0x000000f6441f7bd8 mode 0
Event: 332.171 Thread 0x00000210eb166000 DEOPT PACKING pc=0x00000210cf15946b sp=0x000000f642ef97e0
Event: 332.171 Thread 0x00000210eb166000 DEOPT UNPACKING pc=0x00000210cd90a95e sp=0x000000f642ef8c98 mode 0
Event: 332.180 Thread 0x00000210eef6a000 DEOPT PACKING pc=0x00000210ce76e29f sp=0x000000f6441f96b0
Event: 332.180 Thread 0x00000210eef6a000 DEOPT UNPACKING pc=0x00000210cd90a95e sp=0x000000f6441f8b40 mode 0
Event: 332.226 Thread 0x00000210eb167800 Uncommon trap: trap_request=0xffffff4d fr.pc=0x00000210d5568bd4 relative=0x0000000000000094
Event: 332.226 Thread 0x00000210eb167800 Uncommon trap: reason=unstable_if action=reinterpret pc=0x00000210d5568bd4 method=com.android.tools.r8.internal.rY.a(Lcom/android/tools/r8/internal/kX;)Lcom/android/tools/r8/internal/rY; @ 37 c2
Event: 332.226 Thread 0x00000210eb167800 DEOPT PACKING pc=0x00000210d5568bd4 sp=0x000000f642ff9240
Event: 332.226 Thread 0x00000210eb167800 DEOPT UNPACKING pc=0x00000210cd90a1af sp=0x000000f642ff91d8 mode 2

Classes redefined (0 events):
No events

Internal exceptions (20 events):
Event: 327.764 Thread 0x00000210eef6f000 Exception <a 'sun/nio/fs/WindowsException'{0x000000008fbae338}> (0x000000008fbae338) thrown at [./src/hotspot/share/prims/jni.cpp, line 615]
Event: 328.215 Thread 0x00000210eb166000 Exception <a 'sun/nio/fs/WindowsException'{0x000000008d89ab48}> (0x000000008d89ab48) thrown at [./src/hotspot/share/prims/jni.cpp, line 615]
Event: 328.251 Thread 0x00000210eb167800 Exception <a 'sun/nio/fs/WindowsException'{0x000000008fd73500}> (0x000000008fd73500) thrown at [./src/hotspot/share/prims/jni.cpp, line 615]
Event: 328.271 Thread 0x00000210eef6a000 Exception <a 'sun/nio/fs/WindowsException'{0x000000008f56cef0}> (0x000000008f56cef0) thrown at [./src/hotspot/share/prims/jni.cpp, line 615]
Event: 328.404 Thread 0x00000210e8610800 Exception <a 'sun/nio/fs/WindowsException'{0x000000008e740c60}> (0x000000008e740c60) thrown at [./src/hotspot/share/prims/jni.cpp, line 615]
Event: 328.460 Thread 0x00000210eb166000 Exception <a 'java/lang/NoSuchMethodError'{0x000000008e5e2730}: 'java.lang.Object java.lang.invoke.DirectMethodHandle$Holder.invokeStaticInit(java.lang.Object, java.lang.Object, java.lang.Object, java.lang.Object, java.lang.Object, java.lang.Object, java.lang.Object, java.lang.Object, java.lang.Object, java.lang.Object, java.lang.Object, java.lang.Object, java.lang.Object, java.lang.Object, java.lang.Object, java.lang.Object, java.lang.Object, java.lang.Object, int, java.lang.Object, java.lang.Object)'> (0
Event: 328.497 Thread 0x00000210eef6a000 Exception <a 'java/lang/IncompatibleClassChangeError'{0x000000008e4fbbf0}: Found class java.lang.Object, but interface was expected> (0x000000008e4fbbf0) thrown at [./src/hotspot/share/interpreter/linkResolver.cpp, line 839]
Event: 328.542 Thread 0x00000210eb167800 Exception <a 'java/lang/NoSuchMethodError'{0x000000008e003268}: 'java.lang.Object java.lang.invoke.DirectMethodHandle$Holder.invokeStatic(java.lang.Object, long)'> (0x000000008e003268) thrown at [./src/hotspot/share/interpreter/linkResolver.cpp, line 773]
Event: 329.004 Thread 0x00000210eb166000 Exception <a 'java/lang/IncompatibleClassChangeError'{0x000000008fe6be98}: Found class java.lang.Object, but interface was expected> (0x000000008fe6be98) thrown at [./src/hotspot/share/interpreter/linkResolver.cpp, line 839]
Event: 329.004 Thread 0x00000210e8610800 Exception <a 'java/lang/IncompatibleClassChangeError'{0x000000008fbb3880}: Found class java.lang.Object, but interface was expected> (0x000000008fbb3880) thrown at [./src/hotspot/share/interpreter/linkResolver.cpp, line 839]
Event: 329.606 Thread 0x00000210eb166000 Exception <a 'java/lang/NoSuchMethodError'{0x000000009015f318}: 'java.lang.Object java.lang.invoke.DirectMethodHandle$Holder.invokeStatic(java.lang.Object, int, java.lang.Object, java.lang.Object)'> (0x000000009015f318) thrown at [./src/hotspot/share/interpreter/linkResolver.cpp, line 773]
Event: 329.606 Thread 0x00000210e8610800 Exception <a 'java/lang/NoSuchMethodError'{0x00000000902d8e80}: 'java.lang.Object java.lang.invoke.DirectMethodHandle$Holder.invokeStatic(java.lang.Object, int, java.lang.Object, java.lang.Object)'> (0x00000000902d8e80) thrown at [./src/hotspot/share/interpreter/linkResolver.cpp, line 773]
Event: 329.606 Thread 0x00000210eb167800 Exception <a 'java/lang/NoSuchMethodError'{0x000000009014cab0}: 'java.lang.Object java.lang.invoke.DirectMethodHandle$Holder.invokeStatic(java.lang.Object, int, java.lang.Object, java.lang.Object)'> (0x000000009014cab0) thrown at [./src/hotspot/share/interpreter/linkResolver.cpp, line 773]
Event: 331.266 Thread 0x00000210eb167800 Exception <a 'java/lang/IncompatibleClassChangeError'{0x0000000093944750}: Found class java.lang.Object, but interface was expected> (0x0000000093944750) thrown at [./src/hotspot/share/interpreter/linkResolver.cpp, line 839]
Event: 331.266 Thread 0x00000210eb167800 Exception <a 'java/lang/IncompatibleClassChangeError'{0x000000009394d708}: Found class java.lang.Object, but interface was expected> (0x000000009394d708) thrown at [./src/hotspot/share/interpreter/linkResolver.cpp, line 839]
Event: 331.266 Thread 0x00000210eef6a000 Exception <a 'java/lang/IncompatibleClassChangeError'{0x0000000093add7c0}: Found class java.lang.Object, but interface was expected> (0x0000000093add7c0) thrown at [./src/hotspot/share/interpreter/linkResolver.cpp, line 839]
Event: 331.317 Thread 0x00000210eb166000 Exception <a 'java/lang/NoSuchMethodError'{0x00000000937fc930}: 'void java.lang.invoke.DirectMethodHandle$Holder.invokeSpecial(java.lang.Object, java.lang.Object, int, java.lang.Object)'> (0x00000000937fc930) thrown at [./src/hotspot/share/interpreter/linkResolver.cpp, line 773]
Event: 331.464 Thread 0x00000210eb166000 Exception <a 'java/lang/NoSuchMethodError'{0x00000000962487f8}: 'java.lang.Object java.lang.invoke.DirectMethodHandle$Holder.newInvokeSpecial(java.lang.Object, int)'> (0x00000000962487f8) thrown at [./src/hotspot/share/interpreter/linkResolver.cpp, line 773]
Event: 331.465 Thread 0x00000210eb167800 Exception <a 'java/lang/NoSuchMethodError'{0x000000009637d8e8}: 'java.lang.Object java.lang.invoke.DirectMethodHandle$Holder.newInvokeSpecial(java.lang.Object, int)'> (0x000000009637d8e8) thrown at [./src/hotspot/share/interpreter/linkResolver.cpp, line 773]
Event: 331.465 Thread 0x00000210e8610800 Exception <a 'java/lang/NoSuchMethodError'{0x00000000963bae70}: 'java.lang.Object java.lang.invoke.DirectMethodHandle$Holder.newInvokeSpecial(java.lang.Object, int)'> (0x00000000963bae70) thrown at [./src/hotspot/share/interpreter/linkResolver.cpp, line 773]

Events (20 events):
Event: 332.166 loading class com/android/tools/r8/code/d3 done
Event: 332.166 loading class com/android/tools/r8/code/c3
Event: 332.166 loading class com/android/tools/r8/code/c3 done
Event: 332.175 Executing VM operation: ICBufferFull
Event: 332.175 Executing VM operation: ICBufferFull done
Event: 332.198 loading class com/android/tools/r8/code/N2
Event: 332.198 loading class com/android/tools/r8/code/N2 done
Event: 332.198 loading class com/android/tools/r8/code/P2
Event: 332.198 loading class com/android/tools/r8/code/P2 done
Event: 332.209 loading class com/android/tools/r8/code/R2
Event: 332.209 loading class com/android/tools/r8/code/R2 done
Event: 332.209 loading class com/android/tools/r8/code/Q2
Event: 332.209 loading class com/android/tools/r8/code/Q2 done
Event: 332.215 loading class com/android/tools/r8/internal/T6
Event: 332.215 loading class com/android/tools/r8/internal/T6 done
Event: 332.216 loading class com/android/tools/r8/code/S2
Event: 332.216 loading class com/android/tools/r8/code/S2 done
Event: 332.217 loading class com/android/tools/r8/code/O2
Event: 332.217 loading class com/android/tools/r8/code/O2 done
Event: 332.230 Executing VM operation: G1CollectForAllocation


Dynamic libraries:
0x00007ff6f7480000 - 0x00007ff6f748a000 	C:\Program Files\Android\Android Studio\jre\bin\java.exe
0x00007ff9ee620000 - 0x00007ff9ee829000 	C:\WINDOWS\SYSTEM32\ntdll.dll
0x00007ff9ed770000 - 0x00007ff9ed82d000 	C:\WINDOWS\System32\KERNEL32.DLL
0x00007ff9ebf60000 - 0x00007ff9ec2d4000 	C:\WINDOWS\System32\KERNELBASE.dll
0x00007ff9ebd90000 - 0x00007ff9ebea1000 	C:\WINDOWS\System32\ucrtbase.dll
0x00007ff9d1880000 - 0x00007ff9d1899000 	C:\Program Files\Android\Android Studio\jre\bin\jli.dll
0x00007ff9ee120000 - 0x00007ff9ee2cc000 	C:\WINDOWS\System32\USER32.dll
0x00007ff9ebf30000 - 0x00007ff9ebf56000 	C:\WINDOWS\System32\win32u.dll
0x00007ff9ed630000 - 0x00007ff9ed659000 	C:\WINDOWS\System32\GDI32.dll
0x00007ff9ec2e0000 - 0x00007ff9ec3f2000 	C:\WINDOWS\System32\gdi32full.dll
0x00007ff9ebb80000 - 0x00007ff9ebc1d000 	C:\WINDOWS\System32\msvcp_win.dll
0x00007ff9d0780000 - 0x00007ff9d0797000 	C:\Program Files\Android\Android Studio\jre\bin\VCRUNTIME140.dll
0x00007ff9d6320000 - 0x00007ff9d65c5000 	C:\WINDOWS\WinSxS\amd64_microsoft.windows.common-controls_6595b64144ccf1df_6.0.22000.120_none_9d947278b86cc467\COMCTL32.dll
0x00007ff9ee2d0000 - 0x00007ff9ee373000 	C:\WINDOWS\System32\msvcrt.dll
0x00007ff9ee0e0000 - 0x00007ff9ee111000 	C:\WINDOWS\System32\IMM32.DLL
0x00007ff9aa720000 - 0x00007ff9aa7bd000 	C:\Program Files\Android\Android Studio\jre\bin\msvcp140.dll
0x00007ff985c60000 - 0x00007ff986745000 	C:\Program Files\Android\Android Studio\jre\bin\server\jvm.dll
0x00007ff9ec4c0000 - 0x00007ff9ec56e000 	C:\WINDOWS\System32\ADVAPI32.dll
0x00007ff9ee380000 - 0x00007ff9ee41e000 	C:\WINDOWS\System32\sechost.dll
0x00007ff9ed890000 - 0x00007ff9ed9b0000 	C:\WINDOWS\System32\RPCRT4.dll
0x00007ff9ed380000 - 0x00007ff9ed388000 	C:\WINDOWS\System32\PSAPI.DLL
0x00007ff9c7d90000 - 0x00007ff9c7d99000 	C:\WINDOWS\SYSTEM32\WSOCK32.dll
0x00007ff9ed5c0000 - 0x00007ff9ed62f000 	C:\WINDOWS\System32\WS2_32.dll
0x00007ff9e7ba0000 - 0x00007ff9e7bd3000 	C:\WINDOWS\SYSTEM32\WINMM.dll
0x00007ff9d65d0000 - 0x00007ff9d65da000 	C:\WINDOWS\SYSTEM32\VERSION.dll
0x00007ff9eac10000 - 0x00007ff9eac28000 	C:\WINDOWS\SYSTEM32\kernel.appcore.dll
0x00007ff9e83b0000 - 0x00007ff9e83c1000 	C:\Program Files\Android\Android Studio\jre\bin\verify.dll
0x00007ff9e9650000 - 0x00007ff9e9871000 	C:\WINDOWS\SYSTEM32\DBGHELP.DLL
0x00007ff9e2450000 - 0x00007ff9e2481000 	C:\WINDOWS\SYSTEM32\dbgcore.DLL
0x00007ff9ebeb0000 - 0x00007ff9ebf2f000 	C:\WINDOWS\System32\bcryptPrimitives.dll
0x00007ff9d7680000 - 0x00007ff9d76a9000 	C:\Program Files\Android\Android Studio\jre\bin\java.dll
0x00007ff9e8810000 - 0x00007ff9e881b000 	C:\Program Files\Android\Android Studio\jre\bin\jimage.dll
0x00007ff9e0e10000 - 0x00007ff9e0e28000 	C:\Program Files\Android\Android Studio\jre\bin\zip.dll
0x00007ff9ecba0000 - 0x00007ff9ed34e000 	C:\WINDOWS\System32\SHELL32.dll
0x00007ff9e9c80000 - 0x00007ff9ea4e8000 	C:\WINDOWS\SYSTEM32\windows.storage.dll
0x00007ff9ec7a0000 - 0x00007ff9ecb18000 	C:\WINDOWS\System32\combase.dll
0x00007ff9e9b10000 - 0x00007ff9e9c76000 	C:\WINDOWS\SYSTEM32\wintypes.dll
0x00007ff9ed4d0000 - 0x00007ff9ed5ba000 	C:\WINDOWS\System32\SHCORE.dll
0x00007ff9ed830000 - 0x00007ff9ed88d000 	C:\WINDOWS\System32\shlwapi.dll
0x00007ff9eba40000 - 0x00007ff9eba61000 	C:\WINDOWS\SYSTEM32\profapi.dll
0x00007ff9d7e40000 - 0x00007ff9d7e5a000 	C:\Program Files\Android\Android Studio\jre\bin\net.dll
0x00007ff9e30e0000 - 0x00007ff9e31ec000 	C:\WINDOWS\SYSTEM32\WINHTTP.dll
0x00007ff9eb040000 - 0x00007ff9eb0a7000 	C:\WINDOWS\system32\mswsock.dll
0x00007ff9d1c90000 - 0x00007ff9d1ca4000 	C:\Program Files\Android\Android Studio\jre\bin\nio.dll
0x00007ff9c7990000 - 0x00007ff9c79b7000 	C:\Users\Shahin Pour-Norouz\.gradle\native\e1d6ef7f7dcc3fd88c89a11ec53ec762bb8ba0a96d01ffa2cd45eb1d1d8dd5c5\windows-amd64\native-platform.dll
0x00007ff991640000 - 0x00007ff991784000 	C:\Users\Shahin Pour-Norouz\.gradle\native\5664cfc778a61ccfe75a443a1ab52a65af34e5dc3c78e0209fed803814484fcb\windows-amd64\native-platform-file-events.dll
0x00007ff9d20d0000 - 0x00007ff9d20da000 	C:\Program Files\Android\Android Studio\jre\bin\management.dll
0x00007ff9d1c80000 - 0x00007ff9d1c8d000 	C:\Program Files\Android\Android Studio\jre\bin\management_ext.dll
0x00007ff9eb280000 - 0x00007ff9eb298000 	C:\WINDOWS\SYSTEM32\CRYPTSP.dll
0x00007ff9eab70000 - 0x00007ff9eaba5000 	C:\WINDOWS\system32\rsaenh.dll
0x00007ff9eb130000 - 0x00007ff9eb159000 	C:\WINDOWS\SYSTEM32\USERENV.dll
0x00007ff9eb470000 - 0x00007ff9eb497000 	C:\WINDOWS\SYSTEM32\bcrypt.dll
0x00007ff9eb2a0000 - 0x00007ff9eb2ac000 	C:\WINDOWS\SYSTEM32\CRYPTBASE.dll
0x00007ff9ea780000 - 0x00007ff9ea7ad000 	C:\WINDOWS\SYSTEM32\IPHLPAPI.DLL
0x00007ff9ed370000 - 0x00007ff9ed379000 	C:\WINDOWS\System32\NSI.dll
0x00007ff9e0bb0000 - 0x00007ff9e0bc9000 	C:\WINDOWS\SYSTEM32\dhcpcsvc6.DLL
0x00007ff9e0da0000 - 0x00007ff9e0dbe000 	C:\WINDOWS\SYSTEM32\dhcpcsvc.DLL
0x00007ff9ea7b0000 - 0x00007ff9ea897000 	C:\WINDOWS\SYSTEM32\DNSAPI.dll
0x00007ff9d0bd0000 - 0x00007ff9d0bf7000 	C:\Program Files\Android\Android Studio\jre\bin\sunec.dll
0x00007ff9d4a10000 - 0x00007ff9d4a1a000 	C:\Windows\System32\rasadhlp.dll
0x00007ff9d6fc0000 - 0x00007ff9d7041000 	C:\WINDOWS\System32\fwpuclnt.dll

dbghelp: loaded successfully - version: 4.0.5 - missing functions: none
symbol engine: initialized successfully - sym options: 0x614 - pdb path: .;C:\Program Files\Android\Android Studio\jre\bin;C:\WINDOWS\SYSTEM32;C:\WINDOWS\WinSxS\amd64_microsoft.windows.common-controls_6595b64144ccf1df_6.0.22000.120_none_9d947278b86cc467;C:\Program Files\Android\Android Studio\jre\bin\server;C:\Users\Shahin Pour-Norouz\.gradle\native\e1d6ef7f7dcc3fd88c89a11ec53ec762bb8ba0a96d01ffa2cd45eb1d1d8dd5c5\windows-amd64;C:\Users\Shahin Pour-Norouz\.gradle\native\5664cfc778a61ccfe75a443a1ab52a65af34e5dc3c78e0209fed803814484fcb\windows-amd64

VM Arguments:
jvm_args: --add-opens=java.base/java.util=ALL-UNNAMED --add-opens=java.base/java.lang=ALL-UNNAMED --add-opens=java.base/java.lang.invoke=ALL-UNNAMED --add-opens=java.base/java.util=ALL-UNNAMED --add-opens=java.prefs/java.util.prefs=ALL-UNNAMED --add-opens=java.prefs/java.util.prefs=ALL-UNNAMED --add-opens=java.base/java.nio.charset=ALL-UNNAMED --add-opens=java.base/java.net=ALL-UNNAMED --add-opens=java.base/java.util.concurrent.atomic=ALL-UNNAMED -Xmx2048m -Dfile.encoding=UTF-8 -Duser.country=DE -Duser.language=de -Duser.variant 
java_command: org.gradle.launcher.daemon.bootstrap.GradleDaemon 7.3.3
java_class_path (initial): C:\Users\Shahin Pour-Norouz\.gradle\wrapper\dists\gradle-7.3.3-bin\6a41zxkdtcxs8rphpq6y0069z\gradle-7.3.3\lib\gradle-launcher-7.3.3.jar
Launcher Type: SUN_STANDARD

[Global flags]
     intx CICompilerCount                          = 3                                         {product} {ergonomic}
     uint ConcGCThreads                            = 1                                         {product} {ergonomic}
     uint G1ConcRefinementThreads                  = 4                                         {product} {ergonomic}
   size_t G1HeapRegionSize                         = 1048576                                   {product} {ergonomic}
    uintx GCDrainStackTargetSize                   = 64                                        {product} {ergonomic}
   size_t InitialHeapSize                          = 132120576                                 {product} {ergonomic}
   size_t MarkStackSize                            = 4194304                                   {product} {ergonomic}
   size_t MaxHeapSize                              = 2147483648                                {product} {command line}
   size_t MaxNewSize                               = 1287651328                                {product} {ergonomic}
   size_t MinHeapDeltaBytes                        = 1048576                                   {product} {ergonomic}
    uintx NonNMethodCodeHeapSize                   = 5830732                                {pd product} {ergonomic}
    uintx NonProfiledCodeHeapSize                  = 122913754                              {pd product} {ergonomic}
    uintx ProfiledCodeHeapSize                     = 122913754                              {pd product} {ergonomic}
    uintx ReservedCodeCacheSize                    = 251658240                              {pd product} {ergonomic}
     bool SegmentedCodeCache                       = true                                      {product} {ergonomic}
     bool UseCompressedClassPointers               = true                                 {lp64_product} {ergonomic}
     bool UseCompressedOops                        = true                                 {lp64_product} {ergonomic}
     bool UseG1GC                                  = true                                      {product} {ergonomic}
     bool UseLargePagesIndividualAllocation        = false                                  {pd product} {ergonomic}

Logging:
Log output configuration:
 #0: stdout all=warning uptime,level,tags
 #1: stderr all=off uptime,level,tags

Environment Variables:
PATH=C:\WINDOWS\system32;C:\WINDOWS;C:\WINDOWS\System32\Wbem;C:\WINDOWS\System32\WindowsPowerShell\v1.0\;C:\WINDOWS\System32\OpenSSH\;C:\Program Files\dotnet\;C:\Program Files (x86)\dotnet\;C:\Program Files\Git\cmd;C:\Users\Shahin Pour-Norouz\AppData\Local\Microsoft\WindowsApps;
USERNAME=Shahin Pour-Norouz
OS=Windows_NT
PROCESSOR_IDENTIFIER=Intel64 Family 6 Model 142 Stepping 12, GenuineIntel



---------------  S Y S T E M  ---------------

OS: Windows 10 , 64 bit Build 22000 (10.0.22000.434)
OS uptime: 29 days 2:53 hours

CPU:total 4 (initial active 4) (2 cores per cpu, 2 threads per core) family 6 model 142 stepping 12 microcode 0xde, cmov, cx8, fxsr, mmx, sse, sse2, sse3, ssse3, sse4.1, sse4.2, popcnt, avx, avx2, aes, clmul, erms, 3dnowpref, lzcnt, ht, tsc, tscinvbit, bmi1, bmi2, adx, fma

Memory: 4k page, system-wide physical 8025M (336M free)
TotalPageFile size 21191M (AvailPageFile size 241M)
current process WorkingSet (physical memory assigned to process): 605M, peak: 605M
current process commit charge ("private bytes"): 812M, peak: 1064M

vm_info: OpenJDK 64-Bit Server VM (11.0.12+7-b1504.28-7817840) for windows-amd64 JRE (11.0.12+7-b1504.28-7817840), built on Oct 13 2021 22:12:33 by "builder" with MS VC++ 14.0 (VS2015)

END.
